2016/07/15 14:20:16 [error] [exception.CHttpException.404] CHttpException: The system is unable to find the requested action "task". in /var/www/html/task_books_yii1/framework/web/CController.php:483
Stack trace:
#0 /var/www/html/task_books_yii1/framework/web/CController.php(270): CController->missingAction('task')
#1 /var/www/html/task_books_yii1/framework/web/CWebApplication.php(282): CController->run('task')
#2 /var/www/html/task_books_yii1/framework/web/CWebApplication.php(141): CWebApplication->runController('site/task')
#3 /var/www/html/task_books_yii1/framework/base/CApplication.php(169): CWebApplication->processRequest()
#4 /var/www/html/books_task/index.php(13): CApplication->run()
#5 {main}
REQUEST_URI=/books_task/index.php?r=site/task
HTTP_REFERER=http://localhost/books_task/index.php?r=site/index
---
2016/07/15 14:21:10 [error] [exception.CHttpException.404] CHttpException: Unable to resolve the request "gii". in /var/www/html/task_books_yii1/framework/web/CWebApplication.php:286
Stack trace:
#0 /var/www/html/task_books_yii1/framework/web/CWebApplication.php(141): CWebApplication->runController('gii')
#1 /var/www/html/task_books_yii1/framework/base/CApplication.php(169): CWebApplication->processRequest()
#2 /var/www/html/books_task/index.php(13): CApplication->run()
#3 {main}
REQUEST_URI=/books_task/index.php?r=gii
---
2016/07/15 14:25:30 [error] [exception.CHttpException.404] CHttpException: Unable to resolve the request "task/index". in /var/www/html/task_books_yii1/framework/web/CWebApplication.php:286
Stack trace:
#0 /var/www/html/task_books_yii1/framework/web/CWebApplication.php(141): CWebApplication->runController('task/index')
#1 /var/www/html/task_books_yii1/framework/base/CApplication.php(169): CWebApplication->processRequest()
#2 /var/www/html/books_task/index.php(13): CApplication->run()
#3 {main}
REQUEST_URI=/books_task/index.php/task/index
HTTP_REFERER=http://localhost/books_task/index.php/site/page?view=about
---
2016/07/15 14:26:03 [error] [exception.CHttpException.404] CHttpException: Unable to resolve the request "task/index". in /var/www/html/task_books_yii1/framework/web/CWebApplication.php:286
Stack trace:
#0 /var/www/html/task_books_yii1/framework/web/CWebApplication.php(141): CWebApplication->runController('task/index')
#1 /var/www/html/task_books_yii1/framework/base/CApplication.php(169): CWebApplication->processRequest()
#2 /var/www/html/books_task/index.php(13): CApplication->run()
#3 {main}
REQUEST_URI=/books_task/index.php/task/index
---
2016/07/15 14:26:04 [error] [exception.CHttpException.404] CHttpException: Unable to resolve the request "task/index". in /var/www/html/task_books_yii1/framework/web/CWebApplication.php:286
Stack trace:
#0 /var/www/html/task_books_yii1/framework/web/CWebApplication.php(141): CWebApplication->runController('task/index')
#1 /var/www/html/task_books_yii1/framework/base/CApplication.php(169): CWebApplication->processRequest()
#2 /var/www/html/books_task/index.php(13): CApplication->run()
#3 {main}
REQUEST_URI=/books_task/index.php/task/index
---
2016/07/15 14:26:06 [error] [exception.CHttpException.404] CHttpException: Unable to resolve the request "task/index". in /var/www/html/task_books_yii1/framework/web/CWebApplication.php:286
Stack trace:
#0 /var/www/html/task_books_yii1/framework/web/CWebApplication.php(141): CWebApplication->runController('task/index')
#1 /var/www/html/task_books_yii1/framework/base/CApplication.php(169): CWebApplication->processRequest()
#2 /var/www/html/books_task/index.php(13): CApplication->run()
#3 {main}
REQUEST_URI=/books_task/index.php/task/index
---
2016/07/15 14:26:08 [error] [exception.CHttpException.404] CHttpException: Unable to resolve the request "task/index". in /var/www/html/task_books_yii1/framework/web/CWebApplication.php:286
Stack trace:
#0 /var/www/html/task_books_yii1/framework/web/CWebApplication.php(141): CWebApplication->runController('task/index')
#1 /var/www/html/task_books_yii1/framework/base/CApplication.php(169): CWebApplication->processRequest()
#2 /var/www/html/books_task/index.php(13): CApplication->run()
#3 {main}
REQUEST_URI=/books_task/index.php/task/index
---
2016/07/15 14:26:10 [error] [exception.CHttpException.404] CHttpException: Unable to resolve the request "task/index". in /var/www/html/task_books_yii1/framework/web/CWebApplication.php:286
Stack trace:
#0 /var/www/html/task_books_yii1/framework/web/CWebApplication.php(141): CWebApplication->runController('task/index')
#1 /var/www/html/task_books_yii1/framework/base/CApplication.php(169): CWebApplication->processRequest()
#2 /var/www/html/books_task/index.php(13): CApplication->run()
#3 {main}
REQUEST_URI=/books_task/index.php/task/index
---
2016/07/15 14:26:44 [error] [exception.CHttpException.404] CHttpException: Unable to resolve the request "task/index". in /var/www/html/task_books_yii1/framework/web/CWebApplication.php:286
Stack trace:
#0 /var/www/html/task_books_yii1/framework/web/CWebApplication.php(141): CWebApplication->runController('task/index')
#1 /var/www/html/task_books_yii1/framework/base/CApplication.php(169): CWebApplication->processRequest()
#2 /var/www/html/books_task/index.php(13): CApplication->run()
#3 {main}
REQUEST_URI=/books_task/index.php/task/index
---
2016/07/15 14:26:44 [error] [exception.CHttpException.404] CHttpException: Unable to resolve the request "task/index". in /var/www/html/task_books_yii1/framework/web/CWebApplication.php:286
Stack trace:
#0 /var/www/html/task_books_yii1/framework/web/CWebApplication.php(141): CWebApplication->runController('task/index')
#1 /var/www/html/task_books_yii1/framework/base/CApplication.php(169): CWebApplication->processRequest()
#2 /var/www/html/books_task/index.php(13): CApplication->run()
#3 {main}
REQUEST_URI=/books_task/index.php/task/index
---
2016/07/15 14:26:48 [error] [exception.CHttpException.404] CHttpException: Unable to resolve the request "task/index". in /var/www/html/task_books_yii1/framework/web/CWebApplication.php:286
Stack trace:
#0 /var/www/html/task_books_yii1/framework/web/CWebApplication.php(141): CWebApplication->runController('task/index')
#1 /var/www/html/task_books_yii1/framework/base/CApplication.php(169): CWebApplication->processRequest()
#2 /var/www/html/books_task/index.php(13): CApplication->run()
#3 {main}
REQUEST_URI=/books_task/index.php/task/index
---
2016/07/15 14:26:52 [error] [exception.CHttpException.404] CHttpException: Unable to resolve the request "task/index". in /var/www/html/task_books_yii1/framework/web/CWebApplication.php:286
Stack trace:
#0 /var/www/html/task_books_yii1/framework/web/CWebApplication.php(141): CWebApplication->runController('task/index')
#1 /var/www/html/task_books_yii1/framework/base/CApplication.php(169): CWebApplication->processRequest()
#2 /var/www/html/books_task/index.php(13): CApplication->run()
#3 {main}
REQUEST_URI=/books_task/index.php/task/index
---
2016/07/15 14:27:01 [error] [exception.CHttpException.404] CHttpException: Unable to resolve the request "task/index". in /var/www/html/task_books_yii1/framework/web/CWebApplication.php:286
Stack trace:
#0 /var/www/html/task_books_yii1/framework/web/CWebApplication.php(141): CWebApplication->runController('task/index')
#1 /var/www/html/task_books_yii1/framework/base/CApplication.php(169): CWebApplication->processRequest()
#2 /var/www/html/books_task/index.php(13): CApplication->run()
#3 {main}
REQUEST_URI=/books_task/index.php/task/index
---
2016/07/15 14:27:32 [error] [exception.CHttpException.404] CHttpException: Unable to resolve the request "task/index". in /var/www/html/task_books_yii1/framework/web/CWebApplication.php:286
Stack trace:
#0 /var/www/html/task_books_yii1/framework/web/CWebApplication.php(141): CWebApplication->runController('task/index')
#1 /var/www/html/task_books_yii1/framework/base/CApplication.php(169): CWebApplication->processRequest()
#2 /var/www/html/books_task/index.php(13): CApplication->run()
#3 {main}
REQUEST_URI=/books_task/index.php/task/index
HTTP_REFERER=http://localhost/books_task/index.php/site/page?view=about
---
2016/07/15 14:33:49 [error] [exception.CHttpException.404] CHttpException: Unable to resolve the request "task/index". in /var/www/html/task_books_yii1/framework/web/CWebApplication.php:286
Stack trace:
#0 /var/www/html/task_books_yii1/framework/web/CWebApplication.php(141): CWebApplication->runController('task/index')
#1 /var/www/html/task_books_yii1/framework/base/CApplication.php(169): CWebApplication->processRequest()
#2 /var/www/html/books_task/index.php(13): CApplication->run()
#3 {main}
REQUEST_URI=/books_task/index.php/task/index
---
2016/07/15 14:33:51 [error] [exception.CHttpException.404] CHttpException: Unable to resolve the request "task/index". in /var/www/html/task_books_yii1/framework/web/CWebApplication.php:286
Stack trace:
#0 /var/www/html/task_books_yii1/framework/web/CWebApplication.php(141): CWebApplication->runController('task/index')
#1 /var/www/html/task_books_yii1/framework/base/CApplication.php(169): CWebApplication->processRequest()
#2 /var/www/html/books_task/index.php(13): CApplication->run()
#3 {main}
REQUEST_URI=/books_task/index.php/task/index
---
2016/07/15 14:48:18 [error] [exception.CHttpException.404] CHttpException: Unable to resolve the request "task/index". in /var/www/html/task_books_yii1/framework/web/CWebApplication.php:286
Stack trace:
#0 /var/www/html/task_books_yii1/framework/web/CWebApplication.php(141): CWebApplication->runController('task/index')
#1 /var/www/html/task_books_yii1/framework/base/CApplication.php(169): CWebApplication->processRequest()
#2 /var/www/html/books_task/index.php(13): CApplication->run()
#3 {main}
REQUEST_URI=/books_task/index.php/task/index
HTTP_REFERER=http://localhost/books_task/index.php/site/login
---
2016/07/15 14:51:12 [error] [exception.CHttpException.404] CHttpException: Unable to resolve the request "task/index". in /var/www/html/task_books_yii1/framework/web/CWebApplication.php:286
Stack trace:
#0 /var/www/html/task_books_yii1/framework/web/CWebApplication.php(141): CWebApplication->runController('task/index')
#1 /var/www/html/task_books_yii1/framework/base/CApplication.php(169): CWebApplication->processRequest()
#2 /var/www/html/books_task/index.php(13): CApplication->run()
#3 {main}
REQUEST_URI=/books_task/index.php/task/index
---
2016/07/15 14:52:50 [error] [exception.CException] CException: Property "LoginForm.username" is not defined. in /var/www/html/task_books_yii1/framework/base/CComponent.php:130
Stack trace:
#0 /var/www/html/task_books_yii1/framework/web/helpers/CHtml.php(2255): CComponent->__get('username')
#1 /var/www/html/task_books_yii1/framework/web/helpers/CHtml.php(1980): CHtml::resolveValue(Object(LoginForm), 'username')
#2 /var/www/html/task_books_yii1/framework/web/helpers/CHtml.php(1257): CHtml::activeInputField('text', Object(LoginForm), 'username', Array)
#3 /var/www/html/task_books_yii1/framework/web/widgets/CActiveForm.php(657): CHtml::activeTextField(Object(LoginForm), 'username', Array)
#4 /var/www/html/books_task/protected/views/site/login.php(29): CActiveForm->textField(Object(LoginForm), 'username')
#5 /var/www/html/task_books_yii1/framework/web/CBaseController.php(126): require('/var/www/html/b...')
#6 /var/www/html/task_books_yii1/framework/web/CBaseController.php(95): CBaseController->renderInternal('/var/www/html/b...', Array, true)
#7 /var/www/html/task_books_yii1/framework/web/CController.php(869): CBaseController->renderFile('/var/www/html/b...', Array, true)
#8 /var/www/html/task_books_yii1/framework/web/CController.php(782): CController->renderPartial('login', Array, true)
#9 /var/www/html/books_task/protected/controllers/SiteController.php(98): CController->render('login', Array)
#10 /var/www/html/task_books_yii1/framework/web/actions/CInlineAction.php(49): SiteController->actionLogin()
#11 /var/www/html/task_books_yii1/framework/web/CController.php(308): CInlineAction->runWithParams(Array)
#12 /var/www/html/task_books_yii1/framework/web/CController.php(286): CController->runAction(Object(CInlineAction))
#13 /var/www/html/task_books_yii1/framework/web/CController.php(265): CController->runActionWithFilters(Object(CInlineAction), Array)
#14 /var/www/html/task_books_yii1/framework/web/CWebApplication.php(282): CController->run('login')
#15 /var/www/html/task_books_yii1/framework/web/CWebApplication.php(141): CWebApplication->runController('site/login')
#16 /var/www/html/task_books_yii1/framework/base/CApplication.php(169): CWebApplication->processRequest()
#17 /var/www/html/books_task/index.php(13): CApplication->run()
#18 {main}
REQUEST_URI=/books_task/index.php/site/login
---
2016/07/15 14:54:00 [error] [exception.CException] CException: Property "LoginForm.username" is not defined. in /var/www/html/task_books_yii1/framework/base/CComponent.php:130
Stack trace:
#0 /var/www/html/task_books_yii1/framework/web/helpers/CHtml.php(2255): CComponent->__get('username')
#1 /var/www/html/task_books_yii1/framework/web/helpers/CHtml.php(1980): CHtml::resolveValue(Object(LoginForm), 'username')
#2 /var/www/html/task_books_yii1/framework/web/helpers/CHtml.php(1257): CHtml::activeInputField('text', Object(LoginForm), 'username', Array)
#3 /var/www/html/task_books_yii1/framework/web/widgets/CActiveForm.php(657): CHtml::activeTextField(Object(LoginForm), 'username', Array)
#4 /var/www/html/books_task/protected/views/site/login.php(29): CActiveForm->textField(Object(LoginForm), 'username')
#5 /var/www/html/task_books_yii1/framework/web/CBaseController.php(126): require('/var/www/html/b...')
#6 /var/www/html/task_books_yii1/framework/web/CBaseController.php(95): CBaseController->renderInternal('/var/www/html/b...', Array, true)
#7 /var/www/html/task_books_yii1/framework/web/CController.php(869): CBaseController->renderFile('/var/www/html/b...', Array, true)
#8 /var/www/html/task_books_yii1/framework/web/CController.php(782): CController->renderPartial('login', Array, true)
#9 /var/www/html/books_task/protected/controllers/SiteController.php(98): CController->render('login', Array)
#10 /var/www/html/task_books_yii1/framework/web/actions/CInlineAction.php(49): SiteController->actionLogin()
#11 /var/www/html/task_books_yii1/framework/web/CController.php(308): CInlineAction->runWithParams(Array)
#12 /var/www/html/task_books_yii1/framework/web/CController.php(286): CController->runAction(Object(CInlineAction))
#13 /var/www/html/task_books_yii1/framework/web/CController.php(265): CController->runActionWithFilters(Object(CInlineAction), Array)
#14 /var/www/html/task_books_yii1/framework/web/CWebApplication.php(282): CController->run('login')
#15 /var/www/html/task_books_yii1/framework/web/CWebApplication.php(141): CWebApplication->runController('site/login')
#16 /var/www/html/task_books_yii1/framework/base/CApplication.php(169): CWebApplication->processRequest()
#17 /var/www/html/books_task/index.php(13): CApplication->run()
#18 {main}
REQUEST_URI=/books_task/index.php/site/login
---
2016/07/15 14:54:01 [error] [exception.CException] CException: Property "LoginForm.username" is not defined. in /var/www/html/task_books_yii1/framework/base/CComponent.php:130
Stack trace:
#0 /var/www/html/task_books_yii1/framework/web/helpers/CHtml.php(2255): CComponent->__get('username')
#1 /var/www/html/task_books_yii1/framework/web/helpers/CHtml.php(1980): CHtml::resolveValue(Object(LoginForm), 'username')
#2 /var/www/html/task_books_yii1/framework/web/helpers/CHtml.php(1257): CHtml::activeInputField('text', Object(LoginForm), 'username', Array)
#3 /var/www/html/task_books_yii1/framework/web/widgets/CActiveForm.php(657): CHtml::activeTextField(Object(LoginForm), 'username', Array)
#4 /var/www/html/books_task/protected/views/site/login.php(29): CActiveForm->textField(Object(LoginForm), 'username')
#5 /var/www/html/task_books_yii1/framework/web/CBaseController.php(126): require('/var/www/html/b...')
#6 /var/www/html/task_books_yii1/framework/web/CBaseController.php(95): CBaseController->renderInternal('/var/www/html/b...', Array, true)
#7 /var/www/html/task_books_yii1/framework/web/CController.php(869): CBaseController->renderFile('/var/www/html/b...', Array, true)
#8 /var/www/html/task_books_yii1/framework/web/CController.php(782): CController->renderPartial('login', Array, true)
#9 /var/www/html/books_task/protected/controllers/SiteController.php(98): CController->render('login', Array)
#10 /var/www/html/task_books_yii1/framework/web/actions/CInlineAction.php(49): SiteController->actionLogin()
#11 /var/www/html/task_books_yii1/framework/web/CController.php(308): CInlineAction->runWithParams(Array)
#12 /var/www/html/task_books_yii1/framework/web/CController.php(286): CController->runAction(Object(CInlineAction))
#13 /var/www/html/task_books_yii1/framework/web/CController.php(265): CController->runActionWithFilters(Object(CInlineAction), Array)
#14 /var/www/html/task_books_yii1/framework/web/CWebApplication.php(282): CController->run('login')
#15 /var/www/html/task_books_yii1/framework/web/CWebApplication.php(141): CWebApplication->runController('site/login')
#16 /var/www/html/task_books_yii1/framework/base/CApplication.php(169): CWebApplication->processRequest()
#17 /var/www/html/books_task/index.php(13): CApplication->run()
#18 {main}
REQUEST_URI=/books_task/index.php/site/login
---
2016/07/15 14:54:01 [error] [exception.CException] CException: Property "LoginForm.username" is not defined. in /var/www/html/task_books_yii1/framework/base/CComponent.php:130
Stack trace:
#0 /var/www/html/task_books_yii1/framework/web/helpers/CHtml.php(2255): CComponent->__get('username')
#1 /var/www/html/task_books_yii1/framework/web/helpers/CHtml.php(1980): CHtml::resolveValue(Object(LoginForm), 'username')
#2 /var/www/html/task_books_yii1/framework/web/helpers/CHtml.php(1257): CHtml::activeInputField('text', Object(LoginForm), 'username', Array)
#3 /var/www/html/task_books_yii1/framework/web/widgets/CActiveForm.php(657): CHtml::activeTextField(Object(LoginForm), 'username', Array)
#4 /var/www/html/books_task/protected/views/site/login.php(29): CActiveForm->textField(Object(LoginForm), 'username')
#5 /var/www/html/task_books_yii1/framework/web/CBaseController.php(126): require('/var/www/html/b...')
#6 /var/www/html/task_books_yii1/framework/web/CBaseController.php(95): CBaseController->renderInternal('/var/www/html/b...', Array, true)
#7 /var/www/html/task_books_yii1/framework/web/CController.php(869): CBaseController->renderFile('/var/www/html/b...', Array, true)
#8 /var/www/html/task_books_yii1/framework/web/CController.php(782): CController->renderPartial('login', Array, true)
#9 /var/www/html/books_task/protected/controllers/SiteController.php(98): CController->render('login', Array)
#10 /var/www/html/task_books_yii1/framework/web/actions/CInlineAction.php(49): SiteController->actionLogin()
#11 /var/www/html/task_books_yii1/framework/web/CController.php(308): CInlineAction->runWithParams(Array)
#12 /var/www/html/task_books_yii1/framework/web/CController.php(286): CController->runAction(Object(CInlineAction))
#13 /var/www/html/task_books_yii1/framework/web/CController.php(265): CController->runActionWithFilters(Object(CInlineAction), Array)
#14 /var/www/html/task_books_yii1/framework/web/CWebApplication.php(282): CController->run('login')
#15 /var/www/html/task_books_yii1/framework/web/CWebApplication.php(141): CWebApplication->runController('site/login')
#16 /var/www/html/task_books_yii1/framework/base/CApplication.php(169): CWebApplication->processRequest()
#17 /var/www/html/books_task/index.php(13): CApplication->run()
#18 {main}
REQUEST_URI=/books_task/index.php/site/login
---
2016/07/15 14:54:02 [error] [exception.CException] CException: Property "LoginForm.username" is not defined. in /var/www/html/task_books_yii1/framework/base/CComponent.php:130
Stack trace:
#0 /var/www/html/task_books_yii1/framework/web/helpers/CHtml.php(2255): CComponent->__get('username')
#1 /var/www/html/task_books_yii1/framework/web/helpers/CHtml.php(1980): CHtml::resolveValue(Object(LoginForm), 'username')
#2 /var/www/html/task_books_yii1/framework/web/helpers/CHtml.php(1257): CHtml::activeInputField('text', Object(LoginForm), 'username', Array)
#3 /var/www/html/task_books_yii1/framework/web/widgets/CActiveForm.php(657): CHtml::activeTextField(Object(LoginForm), 'username', Array)
#4 /var/www/html/books_task/protected/views/site/login.php(29): CActiveForm->textField(Object(LoginForm), 'username')
#5 /var/www/html/task_books_yii1/framework/web/CBaseController.php(126): require('/var/www/html/b...')
#6 /var/www/html/task_books_yii1/framework/web/CBaseController.php(95): CBaseController->renderInternal('/var/www/html/b...', Array, true)
#7 /var/www/html/task_books_yii1/framework/web/CController.php(869): CBaseController->renderFile('/var/www/html/b...', Array, true)
#8 /var/www/html/task_books_yii1/framework/web/CController.php(782): CController->renderPartial('login', Array, true)
#9 /var/www/html/books_task/protected/controllers/SiteController.php(98): CController->render('login', Array)
#10 /var/www/html/task_books_yii1/framework/web/actions/CInlineAction.php(49): SiteController->actionLogin()
#11 /var/www/html/task_books_yii1/framework/web/CController.php(308): CInlineAction->runWithParams(Array)
#12 /var/www/html/task_books_yii1/framework/web/CController.php(286): CController->runAction(Object(CInlineAction))
#13 /var/www/html/task_books_yii1/framework/web/CController.php(265): CController->runActionWithFilters(Object(CInlineAction), Array)
#14 /var/www/html/task_books_yii1/framework/web/CWebApplication.php(282): CController->run('login')
#15 /var/www/html/task_books_yii1/framework/web/CWebApplication.php(141): CWebApplication->runController('site/login')
#16 /var/www/html/task_books_yii1/framework/base/CApplication.php(169): CWebApplication->processRequest()
#17 /var/www/html/books_task/index.php(13): CApplication->run()
#18 {main}
REQUEST_URI=/books_task/index.php/site/login
---
2016/07/15 15:02:07 [error] [exception.CHttpException.404] CHttpException: Unable to resolve the request "task/index". in /var/www/html/task_books_yii1/framework/web/CWebApplication.php:286
Stack trace:
#0 /var/www/html/task_books_yii1/framework/web/CWebApplication.php(141): CWebApplication->runController('task/index')
#1 /var/www/html/task_books_yii1/framework/base/CApplication.php(169): CWebApplication->processRequest()
#2 /var/www/html/books_task/index.php(13): CApplication->run()
#3 {main}
REQUEST_URI=/books_task/index.php/task/index
HTTP_REFERER=http://localhost/books_task/index.php/site/login
---
2016/07/15 15:02:10 [error] [exception.CHttpException.404] CHttpException: Unable to resolve the request "task/index". in /var/www/html/task_books_yii1/framework/web/CWebApplication.php:286
Stack trace:
#0 /var/www/html/task_books_yii1/framework/web/CWebApplication.php(141): CWebApplication->runController('task/index')
#1 /var/www/html/task_books_yii1/framework/base/CApplication.php(169): CWebApplication->processRequest()
#2 /var/www/html/books_task/index.php(13): CApplication->run()
#3 {main}
REQUEST_URI=/books_task/index.php/task/index
HTTP_REFERER=http://localhost/books_task/index.php/site/index
---
2016/07/15 15:04:02 [error] [exception.CHttpException.404] CHttpException: The system is unable to find the requested action "site". in /var/www/html/task_books_yii1/framework/web/CController.php:483
Stack trace:
#0 /var/www/html/task_books_yii1/framework/web/CController.php(270): CController->missingAction('site')
#1 /var/www/html/task_books_yii1/framework/web/CWebApplication.php(282): CController->run('site')
#2 /var/www/html/task_books_yii1/framework/web/CWebApplication.php(141): CWebApplication->runController('site/site/signu...')
#3 /var/www/html/task_books_yii1/framework/base/CApplication.php(169): CWebApplication->processRequest()
#4 /var/www/html/books_task/index.php(13): CApplication->run()
#5 {main}
REQUEST_URI=/books_task/index.php/site/site/signup
HTTP_REFERER=http://localhost/books_task/index.php/site/login
---
2016/07/15 15:04:10 [error] [exception.CHttpException.404] CHttpException: The system is unable to find the requested action "signup". in /var/www/html/task_books_yii1/framework/web/CController.php:483
Stack trace:
#0 /var/www/html/task_books_yii1/framework/web/CController.php(270): CController->missingAction('signup')
#1 /var/www/html/task_books_yii1/framework/web/CWebApplication.php(282): CController->run('signup')
#2 /var/www/html/task_books_yii1/framework/web/CWebApplication.php(141): CWebApplication->runController('site/signup')
#3 /var/www/html/task_books_yii1/framework/base/CApplication.php(169): CWebApplication->processRequest()
#4 /var/www/html/books_task/index.php(13): CApplication->run()
#5 {main}
REQUEST_URI=/books_task/index.php/site/signup
HTTP_REFERER=http://localhost/books_task/index.php/site/login
---
2016/07/15 15:04:14 [error] [exception.CHttpException.404] CHttpException: The system is unable to find the requested action "signup". in /var/www/html/task_books_yii1/framework/web/CController.php:483
Stack trace:
#0 /var/www/html/task_books_yii1/framework/web/CController.php(270): CController->missingAction('signup')
#1 /var/www/html/task_books_yii1/framework/web/CWebApplication.php(282): CController->run('signup')
#2 /var/www/html/task_books_yii1/framework/web/CWebApplication.php(141): CWebApplication->runController('site/signup')
#3 /var/www/html/task_books_yii1/framework/base/CApplication.php(169): CWebApplication->processRequest()
#4 /var/www/html/books_task/index.php(13): CApplication->run()
#5 {main}
REQUEST_URI=/books_task/index.php/site/signup
HTTP_REFERER=http://localhost/books_task/index.php/site/login
---
2016/07/15 15:04:16 [error] [exception.CHttpException.404] CHttpException: Unable to resolve the request "task/index". in /var/www/html/task_books_yii1/framework/web/CWebApplication.php:286
Stack trace:
#0 /var/www/html/task_books_yii1/framework/web/CWebApplication.php(141): CWebApplication->runController('task/index')
#1 /var/www/html/task_books_yii1/framework/base/CApplication.php(169): CWebApplication->processRequest()
#2 /var/www/html/books_task/index.php(13): CApplication->run()
#3 {main}
REQUEST_URI=/books_task/index.php/task/index
HTTP_REFERER=http://localhost/books_task/index.php/site/index
---
2016/07/15 15:05:56 [error] [exception.CHttpException.404] CHttpException: Unable to resolve the request "task/index". in /var/www/html/task_books_yii1/framework/web/CWebApplication.php:286
Stack trace:
#0 /var/www/html/task_books_yii1/framework/web/CWebApplication.php(141): CWebApplication->runController('task/index')
#1 /var/www/html/task_books_yii1/framework/base/CApplication.php(169): CWebApplication->processRequest()
#2 /var/www/html/books_task/index.php(13): CApplication->run()
#3 {main}
REQUEST_URI=/books_task/index.php/task/index
HTTP_REFERER=http://localhost/books_task/index.php
---
2016/07/15 15:06:01 [error] [exception.CHttpException.404] CHttpException: Unable to resolve the request "task/login". in /var/www/html/task_books_yii1/framework/web/CWebApplication.php:286
Stack trace:
#0 /var/www/html/task_books_yii1/framework/web/CWebApplication.php(141): CWebApplication->runController('task/login')
#1 /var/www/html/task_books_yii1/framework/base/CApplication.php(169): CWebApplication->processRequest()
#2 /var/www/html/books_task/index.php(13): CApplication->run()
#3 {main}
REQUEST_URI=/books_task/index.php/task/login
---
2016/07/15 15:06:02 [error] [exception.CHttpException.404] CHttpException: Unable to resolve the request "task/login". in /var/www/html/task_books_yii1/framework/web/CWebApplication.php:286
Stack trace:
#0 /var/www/html/task_books_yii1/framework/web/CWebApplication.php(141): CWebApplication->runController('task/login')
#1 /var/www/html/task_books_yii1/framework/base/CApplication.php(169): CWebApplication->processRequest()
#2 /var/www/html/books_task/index.php(13): CApplication->run()
#3 {main}
REQUEST_URI=/books_task/index.php/task/login
---
2016/07/15 15:06:03 [error] [exception.CHttpException.404] CHttpException: Unable to resolve the request "task/login". in /var/www/html/task_books_yii1/framework/web/CWebApplication.php:286
Stack trace:
#0 /var/www/html/task_books_yii1/framework/web/CWebApplication.php(141): CWebApplication->runController('task/login')
#1 /var/www/html/task_books_yii1/framework/base/CApplication.php(169): CWebApplication->processRequest()
#2 /var/www/html/books_task/index.php(13): CApplication->run()
#3 {main}
REQUEST_URI=/books_task/index.php/task/login
---
2016/07/15 15:09:43 [error] [php] Undefined variable: model (/var/www/html/books_task/protected/views/site/signup.php:16)
Stack trace:
#0 /var/www/html/task_books_yii1/framework/web/CController.php(869): SiteController->renderFile()
#1 /var/www/html/task_books_yii1/framework/web/CController.php(782): SiteController->renderPartial()
#2 /var/www/html/books_task/protected/controllers/SiteController.php(112): SiteController->render()
#3 /var/www/html/task_books_yii1/framework/web/actions/CInlineAction.php(49): SiteController->actionSignup()
#4 /var/www/html/task_books_yii1/framework/web/CController.php(308): CInlineAction->runWithParams()
#5 /var/www/html/task_books_yii1/framework/web/CController.php(286): SiteController->runAction()
#6 /var/www/html/task_books_yii1/framework/web/CController.php(265): SiteController->runActionWithFilters()
#7 /var/www/html/task_books_yii1/framework/web/CWebApplication.php(282): SiteController->run()
#8 /var/www/html/task_books_yii1/framework/web/CWebApplication.php(141): CWebApplication->runController()
#9 /var/www/html/task_books_yii1/framework/base/CApplication.php(169): CWebApplication->processRequest()
#10 /var/www/html/books_task/index.php(13): CWebApplication->run()
REQUEST_URI=/books_task/index.php/site/signup
in /var/www/html/books_task/protected/views/site/signup.php (16)
in /var/www/html/books_task/protected/controllers/SiteController.php (112)
in /var/www/html/books_task/index.php (13)
2016/07/15 15:22:21 [error] [exception.CDbException] CDbException: The active record cannot be updated because it is new. in /var/www/html/task_books_yii1/framework/db/ar/CActiveRecord.php:1064
Stack trace:
#0 /var/www/html/books_task/protected/controllers/SiteController.php(114): CActiveRecord->update(Object(User))
#1 /var/www/html/task_books_yii1/framework/web/actions/CInlineAction.php(49): SiteController->actionSignup()
#2 /var/www/html/task_books_yii1/framework/web/CController.php(308): CInlineAction->runWithParams(Array)
#3 /var/www/html/task_books_yii1/framework/web/CController.php(286): CController->runAction(Object(CInlineAction))
#4 /var/www/html/task_books_yii1/framework/web/CController.php(265): CController->runActionWithFilters(Object(CInlineAction), Array)
#5 /var/www/html/task_books_yii1/framework/web/CWebApplication.php(282): CController->run('signup')
#6 /var/www/html/task_books_yii1/framework/web/CWebApplication.php(141): CWebApplication->runController('site/signup')
#7 /var/www/html/task_books_yii1/framework/base/CApplication.php(169): CWebApplication->processRequest()
#8 /var/www/html/books_task/index.php(13): CApplication->run()
#9 {main}
REQUEST_URI=/books_task/index.php/site/signup
---
2016/07/15 15:25:03 [error] [php] Undefined index: User (/var/www/html/books_task/protected/views/site/signup.php:34)
Stack trace:
#0 /var/www/html/task_books_yii1/framework/web/CController.php(869): SiteController->renderFile()
#1 /var/www/html/task_books_yii1/framework/web/CController.php(782): SiteController->renderPartial()
#2 /var/www/html/books_task/protected/controllers/SiteController.php(121): SiteController->render()
#3 /var/www/html/task_books_yii1/framework/web/actions/CInlineAction.php(49): SiteController->actionSignup()
#4 /var/www/html/task_books_yii1/framework/web/CController.php(308): CInlineAction->runWithParams()
#5 /var/www/html/task_books_yii1/framework/web/CController.php(286): SiteController->runAction()
#6 /var/www/html/task_books_yii1/framework/web/CController.php(265): SiteController->runActionWithFilters()
#7 /var/www/html/task_books_yii1/framework/web/CWebApplication.php(282): SiteController->run()
#8 /var/www/html/task_books_yii1/framework/web/CWebApplication.php(141): CWebApplication->runController()
#9 /var/www/html/task_books_yii1/framework/base/CApplication.php(169): CWebApplication->processRequest()
#10 /var/www/html/books_task/index.php(13): CWebApplication->run()
REQUEST_URI=/books_task/index.php/site/signup
in /var/www/html/books_task/protected/views/site/signup.php (34)
in /var/www/html/books_task/protected/controllers/SiteController.php (121)
in /var/www/html/books_task/index.php (13)
2016/07/15 15:25:04 [error] [php] Undefined index: User (/var/www/html/books_task/protected/views/site/signup.php:34)
Stack trace:
#0 /var/www/html/task_books_yii1/framework/web/CController.php(869): SiteController->renderFile()
#1 /var/www/html/task_books_yii1/framework/web/CController.php(782): SiteController->renderPartial()
#2 /var/www/html/books_task/protected/controllers/SiteController.php(121): SiteController->render()
#3 /var/www/html/task_books_yii1/framework/web/actions/CInlineAction.php(49): SiteController->actionSignup()
#4 /var/www/html/task_books_yii1/framework/web/CController.php(308): CInlineAction->runWithParams()
#5 /var/www/html/task_books_yii1/framework/web/CController.php(286): SiteController->runAction()
#6 /var/www/html/task_books_yii1/framework/web/CController.php(265): SiteController->runActionWithFilters()
#7 /var/www/html/task_books_yii1/framework/web/CWebApplication.php(282): SiteController->run()
#8 /var/www/html/task_books_yii1/framework/web/CWebApplication.php(141): CWebApplication->runController()
#9 /var/www/html/task_books_yii1/framework/base/CApplication.php(169): CWebApplication->processRequest()
#10 /var/www/html/books_task/index.php(13): CWebApplication->run()
REQUEST_URI=/books_task/index.php/site/signup
in /var/www/html/books_task/protected/views/site/signup.php (34)
in /var/www/html/books_task/protected/controllers/SiteController.php (121)
in /var/www/html/books_task/index.php (13)
2016/07/15 15:25:05 [error] [php] Undefined index: User (/var/www/html/books_task/protected/views/site/signup.php:34)
Stack trace:
#0 /var/www/html/task_books_yii1/framework/web/CController.php(869): SiteController->renderFile()
#1 /var/www/html/task_books_yii1/framework/web/CController.php(782): SiteController->renderPartial()
#2 /var/www/html/books_task/protected/controllers/SiteController.php(121): SiteController->render()
#3 /var/www/html/task_books_yii1/framework/web/actions/CInlineAction.php(49): SiteController->actionSignup()
#4 /var/www/html/task_books_yii1/framework/web/CController.php(308): CInlineAction->runWithParams()
#5 /var/www/html/task_books_yii1/framework/web/CController.php(286): SiteController->runAction()
#6 /var/www/html/task_books_yii1/framework/web/CController.php(265): SiteController->runActionWithFilters()
#7 /var/www/html/task_books_yii1/framework/web/CWebApplication.php(282): SiteController->run()
#8 /var/www/html/task_books_yii1/framework/web/CWebApplication.php(141): CWebApplication->runController()
#9 /var/www/html/task_books_yii1/framework/base/CApplication.php(169): CWebApplication->processRequest()
#10 /var/www/html/books_task/index.php(13): CWebApplication->run()
REQUEST_URI=/books_task/index.php/site/signup
in /var/www/html/books_task/protected/views/site/signup.php (34)
in /var/www/html/books_task/protected/controllers/SiteController.php (121)
in /var/www/html/books_task/index.php (13)
2016/07/15 15:25:28 [error] [exception.CDbException] CDbException: The active record cannot be updated because it is new. in /var/www/html/task_books_yii1/framework/db/ar/CActiveRecord.php:1064
Stack trace:
#0 /var/www/html/books_task/protected/controllers/SiteController.php(115): CActiveRecord->update(Object(User))
#1 /var/www/html/task_books_yii1/framework/web/actions/CInlineAction.php(49): SiteController->actionSignup()
#2 /var/www/html/task_books_yii1/framework/web/CController.php(308): CInlineAction->runWithParams(Array)
#3 /var/www/html/task_books_yii1/framework/web/CController.php(286): CController->runAction(Object(CInlineAction))
#4 /var/www/html/task_books_yii1/framework/web/CController.php(265): CController->runActionWithFilters(Object(CInlineAction), Array)
#5 /var/www/html/task_books_yii1/framework/web/CWebApplication.php(282): CController->run('signup')
#6 /var/www/html/task_books_yii1/framework/web/CWebApplication.php(141): CWebApplication->runController('site/signup')
#7 /var/www/html/task_books_yii1/framework/base/CApplication.php(169): CWebApplication->processRequest()
#8 /var/www/html/books_task/index.php(13): CApplication->run()
#9 {main}
REQUEST_URI=/books_task/index.php/site/signup
HTTP_REFERER=http://localhost/books_task/index.php/site/signup
---
2016/07/15 15:27:49 [error] [exception.ParseError] ParseError: syntax error, unexpected ';' in /var/www/html/books_task/protected/models/User.php:103
Stack trace:
#0 [internal function]: YiiBase::autoload('User')
#1 /var/www/html/books_task/protected/controllers/SiteController.php(112): spl_autoload_call('User')
#2 /var/www/html/task_books_yii1/framework/web/actions/CInlineAction.php(49): SiteController->actionSignup()
#3 /var/www/html/task_books_yii1/framework/web/CController.php(308): CInlineAction->runWithParams(Array)
#4 /var/www/html/task_books_yii1/framework/web/CController.php(286): CController->runAction(Object(CInlineAction))
#5 /var/www/html/task_books_yii1/framework/web/CController.php(265): CController->runActionWithFilters(Object(CInlineAction), Array)
#6 /var/www/html/task_books_yii1/framework/web/CWebApplication.php(282): CController->run('signup')
#7 /var/www/html/task_books_yii1/framework/web/CWebApplication.php(141): CWebApplication->runController('site/signup')
#8 /var/www/html/task_books_yii1/framework/base/CApplication.php(169): CWebApplication->processRequest()
#9 /var/www/html/books_task/index.php(13): CApplication->run()
#10 {main}
REQUEST_URI=/books_task/index.php/site/signup
---
2016/07/15 15:29:55 [error] [exception.CException] CException: CHttpSession and its behaviors do not have a method or closure named "setflash". in /var/www/html/task_books_yii1/framework/base/CComponent.php:265
Stack trace:
#0 /var/www/html/books_task/protected/controllers/SiteController.php(119): CComponent->__call('setflash', Array)
#1 /var/www/html/task_books_yii1/framework/web/actions/CInlineAction.php(49): SiteController->actionSignup()
#2 /var/www/html/task_books_yii1/framework/web/CController.php(308): CInlineAction->runWithParams(Array)
#3 /var/www/html/task_books_yii1/framework/web/CController.php(286): CController->runAction(Object(CInlineAction))
#4 /var/www/html/task_books_yii1/framework/web/CController.php(265): CController->runActionWithFilters(Object(CInlineAction), Array)
#5 /var/www/html/task_books_yii1/framework/web/CWebApplication.php(282): CController->run('signup')
#6 /var/www/html/task_books_yii1/framework/web/CWebApplication.php(141): CWebApplication->runController('site/signup')
#7 /var/www/html/task_books_yii1/framework/base/CApplication.php(169): CWebApplication->processRequest()
#8 /var/www/html/books_task/index.php(13): CApplication->run()
#9 {main}
REQUEST_URI=/books_task/index.php/site/signup
HTTP_REFERER=http://localhost/books_task/index.php/site/signup
---
2016/07/15 15:30:04 [error] [exception.CException] CException: CHttpSession and its behaviors do not have a method or closure named "setFlash". in /var/www/html/task_books_yii1/framework/base/CComponent.php:265
Stack trace:
#0 /var/www/html/books_task/protected/controllers/SiteController.php(119): CComponent->__call('setFlash', Array)
#1 /var/www/html/task_books_yii1/framework/web/actions/CInlineAction.php(49): SiteController->actionSignup()
#2 /var/www/html/task_books_yii1/framework/web/CController.php(308): CInlineAction->runWithParams(Array)
#3 /var/www/html/task_books_yii1/framework/web/CController.php(286): CController->runAction(Object(CInlineAction))
#4 /var/www/html/task_books_yii1/framework/web/CController.php(265): CController->runActionWithFilters(Object(CInlineAction), Array)
#5 /var/www/html/task_books_yii1/framework/web/CWebApplication.php(282): CController->run('signup')
#6 /var/www/html/task_books_yii1/framework/web/CWebApplication.php(141): CWebApplication->runController('site/signup')
#7 /var/www/html/task_books_yii1/framework/base/CApplication.php(169): CWebApplication->processRequest()
#8 /var/www/html/books_task/index.php(13): CApplication->run()
#9 {main}
REQUEST_URI=/books_task/index.php/site/signup
HTTP_REFERER=http://localhost/books_task/index.php/site/signup
---
2016/07/15 15:33:25 [error] [exception.CHttpException.404] CHttpException: Unable to resolve the request "task/index". in /var/www/html/task_books_yii1/framework/web/CWebApplication.php:286
Stack trace:
#0 /var/www/html/task_books_yii1/framework/web/CWebApplication.php(141): CWebApplication->runController('task/index')
#1 /var/www/html/task_books_yii1/framework/base/CApplication.php(169): CWebApplication->processRequest()
#2 /var/www/html/books_task/index.php(13): CApplication->run()
#3 {main}
REQUEST_URI=/books_task/index.php/task/index
HTTP_REFERER=http://localhost/books_task/index.php/site/signup
---
2016/07/15 15:41:29 [error] [exception.CHttpException.404] CHttpException: Unable to resolve the request "task/index". in /var/www/html/task_books_yii1/framework/web/CWebApplication.php:286
Stack trace:
#0 /var/www/html/task_books_yii1/framework/web/CWebApplication.php(141): CWebApplication->runController('task/index')
#1 /var/www/html/task_books_yii1/framework/base/CApplication.php(169): CWebApplication->processRequest()
#2 /var/www/html/books_task/index.php(13): CApplication->run()
#3 {main}
REQUEST_URI=/books_task/index.php/task/index
HTTP_REFERER=http://localhost/books_task/index.php/site/login
---
2016/07/15 15:41:32 [error] [exception.CHttpException.404] CHttpException: Unable to resolve the request "task/index". in /var/www/html/task_books_yii1/framework/web/CWebApplication.php:286
Stack trace:
#0 /var/www/html/task_books_yii1/framework/web/CWebApplication.php(141): CWebApplication->runController('task/index')
#1 /var/www/html/task_books_yii1/framework/base/CApplication.php(169): CWebApplication->processRequest()
#2 /var/www/html/books_task/index.php(13): CApplication->run()
#3 {main}
REQUEST_URI=/books_task/index.php/task/index
HTTP_REFERER=http://localhost/books_task/index.php/site/index
---
2016/07/15 15:49:53 [error] [exception.CHttpException.404] CHttpException: Unable to resolve the request "task/index". in /var/www/html/task_books_yii1/framework/web/CWebApplication.php:286
Stack trace:
#0 /var/www/html/task_books_yii1/framework/web/CWebApplication.php(141): CWebApplication->runController('task/index')
#1 /var/www/html/task_books_yii1/framework/base/CApplication.php(169): CWebApplication->processRequest()
#2 /var/www/html/books_task/index.php(13): CApplication->run()
#3 {main}
REQUEST_URI=/books_task/index.php/task/index
---
2016/07/15 16:21:31 [error] [exception.CHttpException.404] CHttpException: Unable to resolve the request "task/index". in /var/www/html/task_books_yii1/framework/web/CWebApplication.php:286
Stack trace:
#0 /var/www/html/task_books_yii1/framework/web/CWebApplication.php(141): CWebApplication->runController('task/index')
#1 /var/www/html/task_books_yii1/framework/base/CApplication.php(169): CWebApplication->processRequest()
#2 /var/www/html/books_task/index.php(13): CApplication->run()
#3 {main}
REQUEST_URI=/books_task/index.php/task/index
HTTP_REFERER=http://localhost/books_task/index.php
---
2016/07/15 16:29:46 [error] [exception.CException] CException: Property "SiteController.email" is not defined. in /var/www/html/task_books_yii1/framework/base/CComponent.php:130
Stack trace:
#0 /var/www/html/books_task/protected/controllers/SiteController.php(116): CComponent->__get('email')
#1 /var/www/html/task_books_yii1/framework/web/actions/CInlineAction.php(49): SiteController->actionSignup()
#2 /var/www/html/task_books_yii1/framework/web/CController.php(308): CInlineAction->runWithParams(Array)
#3 /var/www/html/task_books_yii1/framework/web/CController.php(286): CController->runAction(Object(CInlineAction))
#4 /var/www/html/task_books_yii1/framework/web/CController.php(265): CController->runActionWithFilters(Object(CInlineAction), Array)
#5 /var/www/html/task_books_yii1/framework/web/CWebApplication.php(282): CController->run('signup')
#6 /var/www/html/task_books_yii1/framework/web/CWebApplication.php(141): CWebApplication->runController('site/signup')
#7 /var/www/html/task_books_yii1/framework/base/CApplication.php(169): CWebApplication->processRequest()
#8 /var/www/html/books_task/index.php(13): CApplication->run()
#9 {main}
REQUEST_URI=/books_task/index.php/site/signup
HTTP_REFERER=http://localhost/books_task/index.php/site/signup
---
2016/07/15 16:34:48 [error] [exception.CHttpException.404] CHttpException: Unable to resolve the request "task/index". in /var/www/html/task_books_yii1/framework/web/CWebApplication.php:286
Stack trace:
#0 /var/www/html/task_books_yii1/framework/web/CWebApplication.php(141): CWebApplication->runController('task/index')
#1 /var/www/html/task_books_yii1/framework/base/CApplication.php(169): CWebApplication->processRequest()
#2 /var/www/html/books_task/index.php(13): CApplication->run()
#3 {main}
REQUEST_URI=/books_task/index.php/task/index
HTTP_REFERER=http://localhost/books_task/index.php/site/index
---
2016/07/15 23:30:44 [error] [exception.CHttpException.404] CHttpException: Невозможно обработать запрос "task/index". in /var/www/html/task_books_yii1/framework/web/CWebApplication.php:286
Stack trace:
#0 /var/www/html/task_books_yii1/framework/web/CWebApplication.php(141): CWebApplication->runController('task/index')
#1 /var/www/html/task_books_yii1/framework/base/CApplication.php(169): CWebApplication->processRequest()
#2 /var/www/html/books_task/index.php(13): CApplication->run()
#3 {main}
REQUEST_URI=/books_task/index.php/task/index
HTTP_REFERER=http://localhost/books_task/index.php/site/signup
---
2016/07/16 00:00:51 [error] [exception.CHttpException.404] CHttpException: Невозможно обработать запрос "task/index". in /var/www/html/task_books_yii1/framework/web/CWebApplication.php:286
Stack trace:
#0 /var/www/html/task_books_yii1/framework/web/CWebApplication.php(141): CWebApplication->runController('task/index')
#1 /var/www/html/task_books_yii1/framework/base/CApplication.php(169): CWebApplication->processRequest()
#2 /var/www/html/books_task/index.php(13): CApplication->run()
#3 {main}
REQUEST_URI=/books_task/index.php/task/index
HTTP_REFERER=http://localhost/books_task/index.php/site/index
---
2016/07/16 00:05:45 [error] [exception.CHttpException.404] CHttpException: Невозможно обработать запрос "task/index". in /var/www/html/task_books_yii1/framework/web/CWebApplication.php:286
Stack trace:
#0 /var/www/html/task_books_yii1/framework/web/CWebApplication.php(141): CWebApplication->runController('task/index')
#1 /var/www/html/task_books_yii1/framework/base/CApplication.php(169): CWebApplication->processRequest()
#2 /var/www/html/books_task/index.php(13): CApplication->run()
#3 {main}
REQUEST_URI=/books_task/index.php/task/index
HTTP_REFERER=http://localhost/books_task/index.php/site/index
---
2016/07/16 00:06:09 [error] [exception.CHttpException.404] CHttpException: Невозможно обработать запрос "task/index". in /var/www/html/task_books_yii1/framework/web/CWebApplication.php:286
Stack trace:
#0 /var/www/html/task_books_yii1/framework/web/CWebApplication.php(141): CWebApplication->runController('task/index')
#1 /var/www/html/task_books_yii1/framework/base/CApplication.php(169): CWebApplication->processRequest()
#2 /var/www/html/books_task/index.php(13): CApplication->run()
#3 {main}
REQUEST_URI=/books_task/index.php/task/index
HTTP_REFERER=http://localhost/books_task/index.php
---
2016/07/16 00:06:13 [error] [exception.CHttpException.404] CHttpException: Невозможно обработать запрос "task/index". in /var/www/html/task_books_yii1/framework/web/CWebApplication.php:286
Stack trace:
#0 /var/www/html/task_books_yii1/framework/web/CWebApplication.php(141): CWebApplication->runController('task/index')
#1 /var/www/html/task_books_yii1/framework/base/CApplication.php(169): CWebApplication->processRequest()
#2 /var/www/html/books_task/index.php(13): CApplication->run()
#3 {main}
REQUEST_URI=/books_task/index.php/task/index
HTTP_REFERER=http://localhost/books_task/index.php
---
2016/07/16 00:06:23 [error] [exception.CHttpException.404] CHttpException: Невозможно обработать запрос "task/index". in /var/www/html/task_books_yii1/framework/web/CWebApplication.php:286
Stack trace:
#0 /var/www/html/task_books_yii1/framework/web/CWebApplication.php(141): CWebApplication->runController('task/index')
#1 /var/www/html/task_books_yii1/framework/base/CApplication.php(169): CWebApplication->processRequest()
#2 /var/www/html/books_task/index.php(13): CApplication->run()
#3 {main}
REQUEST_URI=/books_task/index.php/task/index
HTTP_REFERER=http://localhost/books_task/index.php
---
2016/07/16 14:01:27 [error] [php] Trying to get property of non-object (/var/www/html/books_task/protected/views/books/index.php:12)
Stack trace:
#0 /var/www/html/task_books_yii1/framework/web/CController.php(869): BooksController->renderFile()
#1 /var/www/html/task_books_yii1/framework/web/CController.php(782): BooksController->renderPartial()
#2 /var/www/html/books_task/protected/controllers/BooksController.php(7): BooksController->render()
#3 /var/www/html/task_books_yii1/framework/web/actions/CInlineAction.php(49): BooksController->actionIndex()
#4 /var/www/html/task_books_yii1/framework/web/CController.php(308): CInlineAction->runWithParams()
#5 /var/www/html/task_books_yii1/framework/web/CController.php(286): BooksController->runAction()
#6 /var/www/html/task_books_yii1/framework/web/CController.php(265): BooksController->runActionWithFilters()
#7 /var/www/html/task_books_yii1/framework/web/CWebApplication.php(282): BooksController->run()
#8 /var/www/html/task_books_yii1/framework/web/CWebApplication.php(141): CWebApplication->runController()
#9 /var/www/html/task_books_yii1/framework/base/CApplication.php(169): CWebApplication->processRequest()
#10 /var/www/html/books_task/index.php(13): CWebApplication->run()
REQUEST_URI=/books_task/index.php/books/index
in /var/www/html/books_task/protected/views/books/index.php (12)
in /var/www/html/books_task/protected/controllers/BooksController.php (7)
in /var/www/html/books_task/index.php (13)
2016/07/16 14:07:17 [error] [php] include(lastname.php): failed to open stream: No such file or directory (/var/www/html/task_books_yii1/framework/YiiBase.php:421)
Stack trace:
#0 /var/www/html/task_books_yii1/framework/web/helpers/CHtml.php(1906): spl_autoload_call()
#1 /var/www/html/task_books_yii1/framework/web/helpers/CHtml.php(1844): value()
#2 /var/www/html/books_task/protected/views/books/index.php(11): listData()
#3 /var/www/html/task_books_yii1/framework/web/CBaseController.php(126): require()
#4 /var/www/html/task_books_yii1/framework/web/CBaseController.php(95): BooksController->renderInternal()
#5 /var/www/html/task_books_yii1/framework/web/CController.php(869): BooksController->renderFile()
#6 /var/www/html/task_books_yii1/framework/web/CController.php(782): BooksController->renderPartial()
#7 /var/www/html/books_task/protected/controllers/BooksController.php(7): BooksController->render()
#8 /var/www/html/task_books_yii1/framework/web/actions/CInlineAction.php(49): BooksController->actionIndex()
#9 /var/www/html/task_books_yii1/framework/web/CController.php(308): CInlineAction->runWithParams()
#10 /var/www/html/task_books_yii1/framework/web/CController.php(286): BooksController->runAction()
#11 /var/www/html/task_books_yii1/framework/web/CController.php(265): BooksController->runActionWithFilters()
#12 /var/www/html/task_books_yii1/framework/web/CWebApplication.php(282): BooksController->run()
#13 /var/www/html/task_books_yii1/framework/web/CWebApplication.php(141): CWebApplication->runController()
#14 /var/www/html/task_books_yii1/framework/base/CApplication.php(169): CWebApplication->processRequest()
#15 /var/www/html/books_task/index.php(13): CWebApplication->run()
REQUEST_URI=/books_task/index.php/books/index
in /var/www/html/books_task/protected/views/books/index.php (11)
in /var/www/html/books_task/protected/controllers/BooksController.php (7)
in /var/www/html/books_task/index.php (13)
2016/07/16 14:07:24 [error] [php] include(lastname.php): failed to open stream: No such file or directory (/var/www/html/task_books_yii1/framework/YiiBase.php:421)
Stack trace:
#0 /var/www/html/task_books_yii1/framework/web/helpers/CHtml.php(1906): spl_autoload_call()
#1 /var/www/html/task_books_yii1/framework/web/helpers/CHtml.php(1844): value()
#2 /var/www/html/books_task/protected/views/books/index.php(11): listData()
#3 /var/www/html/task_books_yii1/framework/web/CBaseController.php(126): require()
#4 /var/www/html/task_books_yii1/framework/web/CBaseController.php(95): BooksController->renderInternal()
#5 /var/www/html/task_books_yii1/framework/web/CController.php(869): BooksController->renderFile()
#6 /var/www/html/task_books_yii1/framework/web/CController.php(782): BooksController->renderPartial()
#7 /var/www/html/books_task/protected/controllers/BooksController.php(7): BooksController->render()
#8 /var/www/html/task_books_yii1/framework/web/actions/CInlineAction.php(49): BooksController->actionIndex()
#9 /var/www/html/task_books_yii1/framework/web/CController.php(308): CInlineAction->runWithParams()
#10 /var/www/html/task_books_yii1/framework/web/CController.php(286): BooksController->runAction()
#11 /var/www/html/task_books_yii1/framework/web/CController.php(265): BooksController->runActionWithFilters()
#12 /var/www/html/task_books_yii1/framework/web/CWebApplication.php(282): BooksController->run()
#13 /var/www/html/task_books_yii1/framework/web/CWebApplication.php(141): CWebApplication->runController()
#14 /var/www/html/task_books_yii1/framework/base/CApplication.php(169): CWebApplication->processRequest()
#15 /var/www/html/books_task/index.php(13): CWebApplication->run()
REQUEST_URI=/books_task/index.php/books/index
in /var/www/html/books_task/protected/views/books/index.php (11)
in /var/www/html/books_task/protected/controllers/BooksController.php (7)
in /var/www/html/books_task/index.php (13)
2016/07/16 14:07:43 [error] [php] include(lastname.php): failed to open stream: No such file or directory (/var/www/html/task_books_yii1/framework/YiiBase.php:421)
Stack trace:
#0 /var/www/html/task_books_yii1/framework/web/helpers/CHtml.php(1906): spl_autoload_call()
#1 /var/www/html/task_books_yii1/framework/web/helpers/CHtml.php(1844): value()
#2 /var/www/html/books_task/protected/views/books/index.php(11): listData()
#3 /var/www/html/task_books_yii1/framework/web/CBaseController.php(126): require()
#4 /var/www/html/task_books_yii1/framework/web/CBaseController.php(95): BooksController->renderInternal()
#5 /var/www/html/task_books_yii1/framework/web/CController.php(869): BooksController->renderFile()
#6 /var/www/html/task_books_yii1/framework/web/CController.php(782): BooksController->renderPartial()
#7 /var/www/html/books_task/protected/controllers/BooksController.php(7): BooksController->render()
#8 /var/www/html/task_books_yii1/framework/web/actions/CInlineAction.php(49): BooksController->actionIndex()
#9 /var/www/html/task_books_yii1/framework/web/CController.php(308): CInlineAction->runWithParams()
#10 /var/www/html/task_books_yii1/framework/web/CController.php(286): BooksController->runAction()
#11 /var/www/html/task_books_yii1/framework/web/CController.php(265): BooksController->runActionWithFilters()
#12 /var/www/html/task_books_yii1/framework/web/CWebApplication.php(282): BooksController->run()
#13 /var/www/html/task_books_yii1/framework/web/CWebApplication.php(141): CWebApplication->runController()
#14 /var/www/html/task_books_yii1/framework/base/CApplication.php(169): CWebApplication->processRequest()
#15 /var/www/html/books_task/index.php(13): CWebApplication->run()
REQUEST_URI=/books_task/index.php/books/index
in /var/www/html/books_task/protected/views/books/index.php (11)
in /var/www/html/books_task/protected/controllers/BooksController.php (7)
in /var/www/html/books_task/index.php (13)
2016/07/16 14:09:50 [error] [php] Undefined variable: form (/var/www/html/books_task/protected/views/books/index.php:12)
Stack trace:
#0 /var/www/html/task_books_yii1/framework/web/CController.php(869): BooksController->renderFile()
#1 /var/www/html/task_books_yii1/framework/web/CController.php(782): BooksController->renderPartial()
#2 /var/www/html/books_task/protected/controllers/BooksController.php(7): BooksController->render()
#3 /var/www/html/task_books_yii1/framework/web/actions/CInlineAction.php(49): BooksController->actionIndex()
#4 /var/www/html/task_books_yii1/framework/web/CController.php(308): CInlineAction->runWithParams()
#5 /var/www/html/task_books_yii1/framework/web/CController.php(286): BooksController->runAction()
#6 /var/www/html/task_books_yii1/framework/web/CController.php(265): BooksController->runActionWithFilters()
#7 /var/www/html/task_books_yii1/framework/web/CWebApplication.php(282): BooksController->run()
#8 /var/www/html/task_books_yii1/framework/web/CWebApplication.php(141): CWebApplication->runController()
#9 /var/www/html/task_books_yii1/framework/base/CApplication.php(169): CWebApplication->processRequest()
#10 /var/www/html/books_task/index.php(13): CWebApplication->run()
REQUEST_URI=/books_task/index.php/books/index
in /var/www/html/books_task/protected/views/books/index.php (12)
in /var/www/html/books_task/protected/controllers/BooksController.php (7)
in /var/www/html/books_task/index.php (13)
2016/07/16 14:10:18 [error] [php] Undefined variable: form (/var/www/html/books_task/protected/views/books/index.php:13)
Stack trace:
#0 /var/www/html/task_books_yii1/framework/web/CController.php(869): BooksController->renderFile()
#1 /var/www/html/task_books_yii1/framework/web/CController.php(782): BooksController->renderPartial()
#2 /var/www/html/books_task/protected/controllers/BooksController.php(7): BooksController->render()
#3 /var/www/html/task_books_yii1/framework/web/actions/CInlineAction.php(49): BooksController->actionIndex()
#4 /var/www/html/task_books_yii1/framework/web/CController.php(308): CInlineAction->runWithParams()
#5 /var/www/html/task_books_yii1/framework/web/CController.php(286): BooksController->runAction()
#6 /var/www/html/task_books_yii1/framework/web/CController.php(265): BooksController->runActionWithFilters()
#7 /var/www/html/task_books_yii1/framework/web/CWebApplication.php(282): BooksController->run()
#8 /var/www/html/task_books_yii1/framework/web/CWebApplication.php(141): CWebApplication->runController()
#9 /var/www/html/task_books_yii1/framework/base/CApplication.php(169): CWebApplication->processRequest()
#10 /var/www/html/books_task/index.php(13): CWebApplication->run()
REQUEST_URI=/books_task/index.php/books/index
in /var/www/html/books_task/protected/views/books/index.php (13)
in /var/www/html/books_task/protected/controllers/BooksController.php (7)
in /var/www/html/books_task/index.php (13)
2016/07/16 14:10:20 [error] [php] Undefined variable: form (/var/www/html/books_task/protected/views/books/index.php:13)
Stack trace:
#0 /var/www/html/task_books_yii1/framework/web/CController.php(869): BooksController->renderFile()
#1 /var/www/html/task_books_yii1/framework/web/CController.php(782): BooksController->renderPartial()
#2 /var/www/html/books_task/protected/controllers/BooksController.php(7): BooksController->render()
#3 /var/www/html/task_books_yii1/framework/web/actions/CInlineAction.php(49): BooksController->actionIndex()
#4 /var/www/html/task_books_yii1/framework/web/CController.php(308): CInlineAction->runWithParams()
#5 /var/www/html/task_books_yii1/framework/web/CController.php(286): BooksController->runAction()
#6 /var/www/html/task_books_yii1/framework/web/CController.php(265): BooksController->runActionWithFilters()
#7 /var/www/html/task_books_yii1/framework/web/CWebApplication.php(282): BooksController->run()
#8 /var/www/html/task_books_yii1/framework/web/CWebApplication.php(141): CWebApplication->runController()
#9 /var/www/html/task_books_yii1/framework/base/CApplication.php(169): CWebApplication->processRequest()
#10 /var/www/html/books_task/index.php(13): CWebApplication->run()
REQUEST_URI=/books_task/index.php/books/index
in /var/www/html/books_task/protected/views/books/index.php (13)
in /var/www/html/books_task/protected/controllers/BooksController.php (7)
in /var/www/html/books_task/index.php (13)
2016/07/16 14:10:21 [error] [php] Undefined variable: form (/var/www/html/books_task/protected/views/books/index.php:13)
Stack trace:
#0 /var/www/html/task_books_yii1/framework/web/CController.php(869): BooksController->renderFile()
#1 /var/www/html/task_books_yii1/framework/web/CController.php(782): BooksController->renderPartial()
#2 /var/www/html/books_task/protected/controllers/BooksController.php(7): BooksController->render()
#3 /var/www/html/task_books_yii1/framework/web/actions/CInlineAction.php(49): BooksController->actionIndex()
#4 /var/www/html/task_books_yii1/framework/web/CController.php(308): CInlineAction->runWithParams()
#5 /var/www/html/task_books_yii1/framework/web/CController.php(286): BooksController->runAction()
#6 /var/www/html/task_books_yii1/framework/web/CController.php(265): BooksController->runActionWithFilters()
#7 /var/www/html/task_books_yii1/framework/web/CWebApplication.php(282): BooksController->run()
#8 /var/www/html/task_books_yii1/framework/web/CWebApplication.php(141): CWebApplication->runController()
#9 /var/www/html/task_books_yii1/framework/base/CApplication.php(169): CWebApplication->processRequest()
#10 /var/www/html/books_task/index.php(13): CWebApplication->run()
REQUEST_URI=/books_task/index.php/books/index
in /var/www/html/books_task/protected/views/books/index.php (13)
in /var/www/html/books_task/protected/controllers/BooksController.php (7)
in /var/www/html/books_task/index.php (13)
2016/07/16 14:10:21 [error] [php] Undefined variable: form (/var/www/html/books_task/protected/views/books/index.php:13)
Stack trace:
#0 /var/www/html/task_books_yii1/framework/web/CController.php(869): BooksController->renderFile()
#1 /var/www/html/task_books_yii1/framework/web/CController.php(782): BooksController->renderPartial()
#2 /var/www/html/books_task/protected/controllers/BooksController.php(7): BooksController->render()
#3 /var/www/html/task_books_yii1/framework/web/actions/CInlineAction.php(49): BooksController->actionIndex()
#4 /var/www/html/task_books_yii1/framework/web/CController.php(308): CInlineAction->runWithParams()
#5 /var/www/html/task_books_yii1/framework/web/CController.php(286): BooksController->runAction()
#6 /var/www/html/task_books_yii1/framework/web/CController.php(265): BooksController->runActionWithFilters()
#7 /var/www/html/task_books_yii1/framework/web/CWebApplication.php(282): BooksController->run()
#8 /var/www/html/task_books_yii1/framework/web/CWebApplication.php(141): CWebApplication->runController()
#9 /var/www/html/task_books_yii1/framework/base/CApplication.php(169): CWebApplication->processRequest()
#10 /var/www/html/books_task/index.php(13): CWebApplication->run()
REQUEST_URI=/books_task/index.php/books/index
in /var/www/html/books_task/protected/views/books/index.php (13)
in /var/www/html/books_task/protected/controllers/BooksController.php (7)
in /var/www/html/books_task/index.php (13)
2016/07/16 14:10:23 [error] [php] Undefined variable: form (/var/www/html/books_task/protected/views/books/index.php:13)
Stack trace:
#0 /var/www/html/task_books_yii1/framework/web/CController.php(869): BooksController->renderFile()
#1 /var/www/html/task_books_yii1/framework/web/CController.php(782): BooksController->renderPartial()
#2 /var/www/html/books_task/protected/controllers/BooksController.php(7): BooksController->render()
#3 /var/www/html/task_books_yii1/framework/web/actions/CInlineAction.php(49): BooksController->actionIndex()
#4 /var/www/html/task_books_yii1/framework/web/CController.php(308): CInlineAction->runWithParams()
#5 /var/www/html/task_books_yii1/framework/web/CController.php(286): BooksController->runAction()
#6 /var/www/html/task_books_yii1/framework/web/CController.php(265): BooksController->runActionWithFilters()
#7 /var/www/html/task_books_yii1/framework/web/CWebApplication.php(282): BooksController->run()
#8 /var/www/html/task_books_yii1/framework/web/CWebApplication.php(141): CWebApplication->runController()
#9 /var/www/html/task_books_yii1/framework/base/CApplication.php(169): CWebApplication->processRequest()
#10 /var/www/html/books_task/index.php(13): CWebApplication->run()
REQUEST_URI=/books_task/index.php/books/index
in /var/www/html/books_task/protected/views/books/index.php (13)
in /var/www/html/books_task/protected/controllers/BooksController.php (7)
in /var/www/html/books_task/index.php (13)
2016/07/16 14:11:29 [error] [php] get_class() expects parameter 1 to be object, array given (/var/www/html/task_books_yii1/framework/web/helpers/CHtml.php:2220)
Stack trace:
#0 /var/www/html/task_books_yii1/framework/web/helpers/CHtml.php(1564): resolveNameID()
#1 /var/www/html/task_books_yii1/framework/web/widgets/CActiveForm.php(763): activeDropDownList()
#2 /var/www/html/books_task/protected/views/books/index.php(22): CActiveForm->dropDownList()
#3 /var/www/html/task_books_yii1/framework/web/CBaseController.php(126): require()
#4 /var/www/html/task_books_yii1/framework/web/CBaseController.php(95): BooksController->renderInternal()
#5 /var/www/html/task_books_yii1/framework/web/CController.php(869): BooksController->renderFile()
#6 /var/www/html/task_books_yii1/framework/web/CController.php(782): BooksController->renderPartial()
#7 /var/www/html/books_task/protected/controllers/BooksController.php(7): BooksController->render()
#8 /var/www/html/task_books_yii1/framework/web/actions/CInlineAction.php(49): BooksController->actionIndex()
#9 /var/www/html/task_books_yii1/framework/web/CController.php(308): CInlineAction->runWithParams()
#10 /var/www/html/task_books_yii1/framework/web/CController.php(286): BooksController->runAction()
#11 /var/www/html/task_books_yii1/framework/web/CController.php(265): BooksController->runActionWithFilters()
#12 /var/www/html/task_books_yii1/framework/web/CWebApplication.php(282): BooksController->run()
#13 /var/www/html/task_books_yii1/framework/web/CWebApplication.php(141): CWebApplication->runController()
#14 /var/www/html/task_books_yii1/framework/base/CApplication.php(169): CWebApplication->processRequest()
#15 /var/www/html/books_task/index.php(13): CWebApplication->run()
REQUEST_URI=/books_task/index.php/books/index
in /var/www/html/books_task/protected/views/books/index.php (22)
in /var/www/html/books_task/protected/controllers/BooksController.php (7)
in /var/www/html/books_task/index.php (13)
2016/07/16 14:11:30 [error] [php] get_class() expects parameter 1 to be object, array given (/var/www/html/task_books_yii1/framework/web/helpers/CHtml.php:2220)
Stack trace:
#0 /var/www/html/task_books_yii1/framework/web/helpers/CHtml.php(1564): resolveNameID()
#1 /var/www/html/task_books_yii1/framework/web/widgets/CActiveForm.php(763): activeDropDownList()
#2 /var/www/html/books_task/protected/views/books/index.php(22): CActiveForm->dropDownList()
#3 /var/www/html/task_books_yii1/framework/web/CBaseController.php(126): require()
#4 /var/www/html/task_books_yii1/framework/web/CBaseController.php(95): BooksController->renderInternal()
#5 /var/www/html/task_books_yii1/framework/web/CController.php(869): BooksController->renderFile()
#6 /var/www/html/task_books_yii1/framework/web/CController.php(782): BooksController->renderPartial()
#7 /var/www/html/books_task/protected/controllers/BooksController.php(7): BooksController->render()
#8 /var/www/html/task_books_yii1/framework/web/actions/CInlineAction.php(49): BooksController->actionIndex()
#9 /var/www/html/task_books_yii1/framework/web/CController.php(308): CInlineAction->runWithParams()
#10 /var/www/html/task_books_yii1/framework/web/CController.php(286): BooksController->runAction()
#11 /var/www/html/task_books_yii1/framework/web/CController.php(265): BooksController->runActionWithFilters()
#12 /var/www/html/task_books_yii1/framework/web/CWebApplication.php(282): BooksController->run()
#13 /var/www/html/task_books_yii1/framework/web/CWebApplication.php(141): CWebApplication->runController()
#14 /var/www/html/task_books_yii1/framework/base/CApplication.php(169): CWebApplication->processRequest()
#15 /var/www/html/books_task/index.php(13): CWebApplication->run()
REQUEST_URI=/books_task/index.php/books/index
in /var/www/html/books_task/protected/views/books/index.php (22)
in /var/www/html/books_task/protected/controllers/BooksController.php (7)
in /var/www/html/books_task/index.php (13)
2016/07/16 14:12:32 [error] [exception.CException] CException: Не определено свойство "Author.author_id". in /var/www/html/task_books_yii1/framework/base/CComponent.php:130
Stack trace:
#0 /var/www/html/task_books_yii1/framework/db/ar/CActiveRecord.php(143): CComponent->__get('author_id')
#1 /var/www/html/task_books_yii1/framework/web/helpers/CHtml.php(2255): CActiveRecord->__get('author_id')
#2 /var/www/html/task_books_yii1/framework/web/helpers/CHtml.php(1565): CHtml::resolveValue(Object(Author), 'author_id')
#3 /var/www/html/task_books_yii1/framework/web/widgets/CActiveForm.php(763): CHtml::activeDropDownList(Object(Author), 'author_id', Array, Array)
#4 /var/www/html/books_task/protected/views/books/index.php(23): CActiveForm->dropDownList(Object(Author), 'author_id', Array)
#5 /var/www/html/task_books_yii1/framework/web/CBaseController.php(126): require('/var/www/html/b...')
#6 /var/www/html/task_books_yii1/framework/web/CBaseController.php(95): CBaseController->renderInternal('/var/www/html/b...', NULL, true)
#7 /var/www/html/task_books_yii1/framework/web/CController.php(869): CBaseController->renderFile('/var/www/html/b...', NULL, true)
#8 /var/www/html/task_books_yii1/framework/web/CController.php(782): CController->renderPartial('index', NULL, true)
#9 /var/www/html/books_task/protected/controllers/BooksController.php(7): CController->render('index')
#10 /var/www/html/task_books_yii1/framework/web/actions/CInlineAction.php(49): BooksController->actionIndex()
#11 /var/www/html/task_books_yii1/framework/web/CController.php(308): CInlineAction->runWithParams(Array)
#12 /var/www/html/task_books_yii1/framework/web/CController.php(286): CController->runAction(Object(CInlineAction))
#13 /var/www/html/task_books_yii1/framework/web/CController.php(265): CController->runActionWithFilters(Object(CInlineAction), Array)
#14 /var/www/html/task_books_yii1/framework/web/CWebApplication.php(282): CController->run('index')
#15 /var/www/html/task_books_yii1/framework/web/CWebApplication.php(141): CWebApplication->runController('books/index')
#16 /var/www/html/task_books_yii1/framework/base/CApplication.php(169): CWebApplication->processRequest()
#17 /var/www/html/books_task/index.php(13): CApplication->run()
#18 {main}
REQUEST_URI=/books_task/index.php/books/index
---
2016/07/16 14:36:21 [error] [exception.Error] Error: Class 'kartik\widgets\DatePicker' not found in /var/www/html/books_task/protected/views/books/index.php:42
Stack trace:
#0 /var/www/html/task_books_yii1/framework/web/CBaseController.php(126): require()
#1 /var/www/html/task_books_yii1/framework/web/CBaseController.php(95): CBaseController->renderInternal('/var/www/html/b...', NULL, true)
#2 /var/www/html/task_books_yii1/framework/web/CController.php(869): CBaseController->renderFile('/var/www/html/b...', NULL, true)
#3 /var/www/html/task_books_yii1/framework/web/CController.php(782): CController->renderPartial('index', NULL, true)
#4 /var/www/html/books_task/protected/controllers/BooksController.php(7): CController->render('index')
#5 /var/www/html/task_books_yii1/framework/web/actions/CInlineAction.php(49): BooksController->actionIndex()
#6 /var/www/html/task_books_yii1/framework/web/CController.php(308): CInlineAction->runWithParams(Array)
#7 /var/www/html/task_books_yii1/framework/web/CController.php(286): CController->runAction(Object(CInlineAction))
#8 /var/www/html/task_books_yii1/framework/web/CController.php(265): CController->runActionWithFilters(Object(CInlineAction), Array)
#9 /var/www/html/task_books_yii1/framework/web/CWebApplication.php(282): CController->run('index')
#10 /var/www/html/task_books_yii1/framework/web/CWebApplication.php(141): CWebApplication->runController('books/index')
#11 /var/www/html/task_books_yii1/framework/base/CApplication.php(169): CWebApplication->processRequest()
#12 /var/www/html/books_task/index.php(13): CApplication->run()
#13 {main}
REQUEST_URI=/books_task/index.php/books/index
---
2016/07/16 14:36:52 [error] [exception.Error] Error: Class 'kartik\date\DatePicker' not found in /var/www/html/books_task/protected/views/books/index.php:42
Stack trace:
#0 /var/www/html/task_books_yii1/framework/web/CBaseController.php(126): require()
#1 /var/www/html/task_books_yii1/framework/web/CBaseController.php(95): CBaseController->renderInternal('/var/www/html/b...', NULL, true)
#2 /var/www/html/task_books_yii1/framework/web/CController.php(869): CBaseController->renderFile('/var/www/html/b...', NULL, true)
#3 /var/www/html/task_books_yii1/framework/web/CController.php(782): CController->renderPartial('index', NULL, true)
#4 /var/www/html/books_task/protected/controllers/BooksController.php(7): CController->render('index')
#5 /var/www/html/task_books_yii1/framework/web/actions/CInlineAction.php(49): BooksController->actionIndex()
#6 /var/www/html/task_books_yii1/framework/web/CController.php(308): CInlineAction->runWithParams(Array)
#7 /var/www/html/task_books_yii1/framework/web/CController.php(286): CController->runAction(Object(CInlineAction))
#8 /var/www/html/task_books_yii1/framework/web/CController.php(265): CController->runActionWithFilters(Object(CInlineAction), Array)
#9 /var/www/html/task_books_yii1/framework/web/CWebApplication.php(282): CController->run('index')
#10 /var/www/html/task_books_yii1/framework/web/CWebApplication.php(141): CWebApplication->runController('books/index')
#11 /var/www/html/task_books_yii1/framework/base/CApplication.php(169): CWebApplication->processRequest()
#12 /var/www/html/books_task/index.php(13): CApplication->run()
#13 {main}
REQUEST_URI=/books_task/index.php/books/index
---
2016/07/16 14:43:14 [error] [exception.Error] Error: Call to a member function widget() on string in /var/www/html/books_task/protected/views/books/index.php:39
Stack trace:
#0 /var/www/html/task_books_yii1/framework/web/CBaseController.php(126): require()
#1 /var/www/html/task_books_yii1/framework/web/CBaseController.php(95): CBaseController->renderInternal('/var/www/html/b...', NULL, true)
#2 /var/www/html/task_books_yii1/framework/web/CController.php(869): CBaseController->renderFile('/var/www/html/b...', NULL, true)
#3 /var/www/html/task_books_yii1/framework/web/CController.php(782): CController->renderPartial('index', NULL, true)
#4 /var/www/html/books_task/protected/controllers/BooksController.php(7): CController->render('index')
#5 /var/www/html/task_books_yii1/framework/web/actions/CInlineAction.php(49): BooksController->actionIndex()
#6 /var/www/html/task_books_yii1/framework/web/CController.php(308): CInlineAction->runWithParams(Array)
#7 /var/www/html/task_books_yii1/framework/web/CController.php(286): CController->runAction(Object(CInlineAction))
#8 /var/www/html/task_books_yii1/framework/web/CController.php(265): CController->runActionWithFilters(Object(CInlineAction), Array)
#9 /var/www/html/task_books_yii1/framework/web/CWebApplication.php(282): CController->run('index')
#10 /var/www/html/task_books_yii1/framework/web/CWebApplication.php(141): CWebApplication->runController('books/index')
#11 /var/www/html/task_books_yii1/framework/base/CApplication.php(169): CWebApplication->processRequest()
#12 /var/www/html/books_task/index.php(13): CApplication->run()
#13 {main}
REQUEST_URI=/books_task/index.php/books/index
---
2016/07/16 15:51:35 [error] [exception.CHttpException.404] CHttpException: Невозможно обработать запрос "edit". in /var/www/html/task_books_yii1/framework/web/CWebApplication.php:286
Stack trace:
#0 /var/www/html/task_books_yii1/framework/web/CWebApplication.php(141): CWebApplication->runController('edit')
#1 /var/www/html/task_books_yii1/framework/base/CApplication.php(169): CWebApplication->processRequest()
#2 /var/www/html/books_task/index.php(13): CApplication->run()
#3 {main}
REQUEST_URI=/books_task/index.php/edit
---
2016/07/16 15:51:48 [error] [php] Undefined index: id (/var/www/html/books_task/protected/controllers/BooksController.php:16)
Stack trace:
#0 /var/www/html/task_books_yii1/framework/web/CController.php(286): BooksController->runAction()
#1 /var/www/html/task_books_yii1/framework/web/CController.php(265): BooksController->runActionWithFilters()
#2 /var/www/html/task_books_yii1/framework/web/CWebApplication.php(282): BooksController->run()
#3 /var/www/html/task_books_yii1/framework/web/CWebApplication.php(141): CWebApplication->runController()
#4 /var/www/html/task_books_yii1/framework/base/CApplication.php(169): CWebApplication->processRequest()
#5 /var/www/html/books_task/index.php(13): CWebApplication->run()
REQUEST_URI=/books_task/index.php/books/edit
in /var/www/html/books_task/protected/controllers/BooksController.php (16)
in /var/www/html/books_task/index.php (13)
2016/07/16 15:52:13 [error] [php] Undefined index: id (/var/www/html/books_task/protected/controllers/BooksController.php:16)
Stack trace:
#0 /var/www/html/task_books_yii1/framework/web/CController.php(286): BooksController->runAction()
#1 /var/www/html/task_books_yii1/framework/web/CController.php(265): BooksController->runActionWithFilters()
#2 /var/www/html/task_books_yii1/framework/web/CWebApplication.php(282): BooksController->run()
#3 /var/www/html/task_books_yii1/framework/web/CWebApplication.php(141): CWebApplication->runController()
#4 /var/www/html/task_books_yii1/framework/base/CApplication.php(169): CWebApplication->processRequest()
#5 /var/www/html/books_task/index.php(13): CWebApplication->run()
REQUEST_URI=/books_task/index.php/books/edit
in /var/www/html/books_task/protected/controllers/BooksController.php (16)
in /var/www/html/books_task/index.php (13)
2016/07/16 15:52:37 [error] [php] Undefined index: id (/var/www/html/books_task/protected/controllers/BooksController.php:16)
Stack trace:
#0 /var/www/html/task_books_yii1/framework/web/CController.php(286): BooksController->runAction()
#1 /var/www/html/task_books_yii1/framework/web/CController.php(265): BooksController->runActionWithFilters()
#2 /var/www/html/task_books_yii1/framework/web/CWebApplication.php(282): BooksController->run()
#3 /var/www/html/task_books_yii1/framework/web/CWebApplication.php(141): CWebApplication->runController()
#4 /var/www/html/task_books_yii1/framework/base/CApplication.php(169): CWebApplication->processRequest()
#5 /var/www/html/books_task/index.php(13): CWebApplication->run()
REQUEST_URI=/books_task/index.php/books/edit
in /var/www/html/books_task/protected/controllers/BooksController.php (16)
in /var/www/html/books_task/index.php (13)
2016/07/16 15:52:38 [error] [php] Undefined index: id (/var/www/html/books_task/protected/controllers/BooksController.php:16)
Stack trace:
#0 /var/www/html/task_books_yii1/framework/web/CController.php(286): BooksController->runAction()
#1 /var/www/html/task_books_yii1/framework/web/CController.php(265): BooksController->runActionWithFilters()
#2 /var/www/html/task_books_yii1/framework/web/CWebApplication.php(282): BooksController->run()
#3 /var/www/html/task_books_yii1/framework/web/CWebApplication.php(141): CWebApplication->runController()
#4 /var/www/html/task_books_yii1/framework/base/CApplication.php(169): CWebApplication->processRequest()
#5 /var/www/html/books_task/index.php(13): CWebApplication->run()
REQUEST_URI=/books_task/index.php/books/edit
in /var/www/html/books_task/protected/controllers/BooksController.php (16)
in /var/www/html/books_task/index.php (13)
2016/07/16 15:52:39 [error] [php] Undefined index: id (/var/www/html/books_task/protected/controllers/BooksController.php:16)
Stack trace:
#0 /var/www/html/task_books_yii1/framework/web/CController.php(286): BooksController->runAction()
#1 /var/www/html/task_books_yii1/framework/web/CController.php(265): BooksController->runActionWithFilters()
#2 /var/www/html/task_books_yii1/framework/web/CWebApplication.php(282): BooksController->run()
#3 /var/www/html/task_books_yii1/framework/web/CWebApplication.php(141): CWebApplication->runController()
#4 /var/www/html/task_books_yii1/framework/base/CApplication.php(169): CWebApplication->processRequest()
#5 /var/www/html/books_task/index.php(13): CWebApplication->run()
REQUEST_URI=/books_task/index.php/books/edit
in /var/www/html/books_task/protected/controllers/BooksController.php (16)
in /var/www/html/books_task/index.php (13)
2016/07/16 15:52:40 [error] [php] Undefined index: id (/var/www/html/books_task/protected/controllers/BooksController.php:16)
Stack trace:
#0 /var/www/html/task_books_yii1/framework/web/CController.php(286): BooksController->runAction()
#1 /var/www/html/task_books_yii1/framework/web/CController.php(265): BooksController->runActionWithFilters()
#2 /var/www/html/task_books_yii1/framework/web/CWebApplication.php(282): BooksController->run()
#3 /var/www/html/task_books_yii1/framework/web/CWebApplication.php(141): CWebApplication->runController()
#4 /var/www/html/task_books_yii1/framework/base/CApplication.php(169): CWebApplication->processRequest()
#5 /var/www/html/books_task/index.php(13): CWebApplication->run()
REQUEST_URI=/books_task/index.php/books/edit
in /var/www/html/books_task/protected/controllers/BooksController.php (16)
in /var/www/html/books_task/index.php (13)
2016/07/16 15:52:40 [error] [php] Undefined index: id (/var/www/html/books_task/protected/controllers/BooksController.php:16)
Stack trace:
#0 /var/www/html/task_books_yii1/framework/web/CController.php(286): BooksController->runAction()
#1 /var/www/html/task_books_yii1/framework/web/CController.php(265): BooksController->runActionWithFilters()
#2 /var/www/html/task_books_yii1/framework/web/CWebApplication.php(282): BooksController->run()
#3 /var/www/html/task_books_yii1/framework/web/CWebApplication.php(141): CWebApplication->runController()
#4 /var/www/html/task_books_yii1/framework/base/CApplication.php(169): CWebApplication->processRequest()
#5 /var/www/html/books_task/index.php(13): CWebApplication->run()
REQUEST_URI=/books_task/index.php/books/edit
in /var/www/html/books_task/protected/controllers/BooksController.php (16)
in /var/www/html/books_task/index.php (13)
2016/07/16 15:52:41 [error] [php] Undefined index: id (/var/www/html/books_task/protected/controllers/BooksController.php:16)
Stack trace:
#0 /var/www/html/task_books_yii1/framework/web/CController.php(286): BooksController->runAction()
#1 /var/www/html/task_books_yii1/framework/web/CController.php(265): BooksController->runActionWithFilters()
#2 /var/www/html/task_books_yii1/framework/web/CWebApplication.php(282): BooksController->run()
#3 /var/www/html/task_books_yii1/framework/web/CWebApplication.php(141): CWebApplication->runController()
#4 /var/www/html/task_books_yii1/framework/base/CApplication.php(169): CWebApplication->processRequest()
#5 /var/www/html/books_task/index.php(13): CWebApplication->run()
REQUEST_URI=/books_task/index.php/books/edit
in /var/www/html/books_task/protected/controllers/BooksController.php (16)
in /var/www/html/books_task/index.php (13)
2016/07/16 15:52:41 [error] [php] Undefined index: id (/var/www/html/books_task/protected/controllers/BooksController.php:16)
Stack trace:
#0 /var/www/html/task_books_yii1/framework/web/CController.php(286): BooksController->runAction()
#1 /var/www/html/task_books_yii1/framework/web/CController.php(265): BooksController->runActionWithFilters()
#2 /var/www/html/task_books_yii1/framework/web/CWebApplication.php(282): BooksController->run()
#3 /var/www/html/task_books_yii1/framework/web/CWebApplication.php(141): CWebApplication->runController()
#4 /var/www/html/task_books_yii1/framework/base/CApplication.php(169): CWebApplication->processRequest()
#5 /var/www/html/books_task/index.php(13): CWebApplication->run()
REQUEST_URI=/books_task/index.php/books/edit
in /var/www/html/books_task/protected/controllers/BooksController.php (16)
in /var/www/html/books_task/index.php (13)
2016/07/16 15:52:42 [error] [php] Undefined index: id (/var/www/html/books_task/protected/controllers/BooksController.php:16)
Stack trace:
#0 /var/www/html/task_books_yii1/framework/web/CController.php(286): BooksController->runAction()
#1 /var/www/html/task_books_yii1/framework/web/CController.php(265): BooksController->runActionWithFilters()
#2 /var/www/html/task_books_yii1/framework/web/CWebApplication.php(282): BooksController->run()
#3 /var/www/html/task_books_yii1/framework/web/CWebApplication.php(141): CWebApplication->runController()
#4 /var/www/html/task_books_yii1/framework/base/CApplication.php(169): CWebApplication->processRequest()
#5 /var/www/html/books_task/index.php(13): CWebApplication->run()
REQUEST_URI=/books_task/index.php/books/edit
in /var/www/html/books_task/protected/controllers/BooksController.php (16)
in /var/www/html/books_task/index.php (13)
2016/07/16 15:52:42 [error] [php] Undefined index: id (/var/www/html/books_task/protected/controllers/BooksController.php:16)
Stack trace:
#0 /var/www/html/task_books_yii1/framework/web/CController.php(286): BooksController->runAction()
#1 /var/www/html/task_books_yii1/framework/web/CController.php(265): BooksController->runActionWithFilters()
#2 /var/www/html/task_books_yii1/framework/web/CWebApplication.php(282): BooksController->run()
#3 /var/www/html/task_books_yii1/framework/web/CWebApplication.php(141): CWebApplication->runController()
#4 /var/www/html/task_books_yii1/framework/base/CApplication.php(169): CWebApplication->processRequest()
#5 /var/www/html/books_task/index.php(13): CWebApplication->run()
REQUEST_URI=/books_task/index.php/books/edit
in /var/www/html/books_task/protected/controllers/BooksController.php (16)
in /var/www/html/books_task/index.php (13)
2016/07/16 15:52:43 [error] [php] Undefined index: id (/var/www/html/books_task/protected/controllers/BooksController.php:16)
Stack trace:
#0 /var/www/html/task_books_yii1/framework/web/CController.php(286): BooksController->runAction()
#1 /var/www/html/task_books_yii1/framework/web/CController.php(265): BooksController->runActionWithFilters()
#2 /var/www/html/task_books_yii1/framework/web/CWebApplication.php(282): BooksController->run()
#3 /var/www/html/task_books_yii1/framework/web/CWebApplication.php(141): CWebApplication->runController()
#4 /var/www/html/task_books_yii1/framework/base/CApplication.php(169): CWebApplication->processRequest()
#5 /var/www/html/books_task/index.php(13): CWebApplication->run()
REQUEST_URI=/books_task/index.php/books/edit
in /var/www/html/books_task/protected/controllers/BooksController.php (16)
in /var/www/html/books_task/index.php (13)
2016/07/16 15:52:43 [error] [php] Undefined index: id (/var/www/html/books_task/protected/controllers/BooksController.php:16)
Stack trace:
#0 /var/www/html/task_books_yii1/framework/web/CController.php(286): BooksController->runAction()
#1 /var/www/html/task_books_yii1/framework/web/CController.php(265): BooksController->runActionWithFilters()
#2 /var/www/html/task_books_yii1/framework/web/CWebApplication.php(282): BooksController->run()
#3 /var/www/html/task_books_yii1/framework/web/CWebApplication.php(141): CWebApplication->runController()
#4 /var/www/html/task_books_yii1/framework/base/CApplication.php(169): CWebApplication->processRequest()
#5 /var/www/html/books_task/index.php(13): CWebApplication->run()
REQUEST_URI=/books_task/index.php/books/edit
in /var/www/html/books_task/protected/controllers/BooksController.php (16)
in /var/www/html/books_task/index.php (13)
2016/07/16 15:52:44 [error] [php] Undefined index: id (/var/www/html/books_task/protected/controllers/BooksController.php:16)
Stack trace:
#0 /var/www/html/task_books_yii1/framework/web/CController.php(286): BooksController->runAction()
#1 /var/www/html/task_books_yii1/framework/web/CController.php(265): BooksController->runActionWithFilters()
#2 /var/www/html/task_books_yii1/framework/web/CWebApplication.php(282): BooksController->run()
#3 /var/www/html/task_books_yii1/framework/web/CWebApplication.php(141): CWebApplication->runController()
#4 /var/www/html/task_books_yii1/framework/base/CApplication.php(169): CWebApplication->processRequest()
#5 /var/www/html/books_task/index.php(13): CWebApplication->run()
REQUEST_URI=/books_task/index.php/books/edit
in /var/www/html/books_task/protected/controllers/BooksController.php (16)
in /var/www/html/books_task/index.php (13)
2016/07/16 16:40:33 [error] [php] Undefined variable: model (/var/www/html/books_task/protected/views/books/edit.php:43)
Stack trace:
#0 /var/www/html/task_books_yii1/framework/web/CController.php(869): BooksController->renderFile()
#1 /var/www/html/task_books_yii1/framework/web/CController.php(782): BooksController->renderPartial()
#2 /var/www/html/books_task/protected/controllers/BooksController.php(35): BooksController->render()
#3 /var/www/html/task_books_yii1/framework/web/actions/CInlineAction.php(49): BooksController->actionEdit()
#4 /var/www/html/task_books_yii1/framework/web/CController.php(308): CInlineAction->runWithParams()
#5 /var/www/html/task_books_yii1/framework/web/CController.php(286): BooksController->runAction()
#6 /var/www/html/task_books_yii1/framework/web/CController.php(265): BooksController->runActionWithFilters()
#7 /var/www/html/task_books_yii1/framework/web/CWebApplication.php(282): BooksController->run()
#8 /var/www/html/task_books_yii1/framework/web/CWebApplication.php(141): CWebApplication->runController()
#9 /var/www/html/task_books_yii1/framework/base/CApplication.php(169): CWebApplication->processRequest()
#10 /var/www/html/books_task/index.php(13): CWebApplication->run()
REQUEST_URI=/books_task/index.php/books/edit?id=1
in /var/www/html/books_task/protected/views/books/edit.php (43)
in /var/www/html/books_task/protected/controllers/BooksController.php (35)
in /var/www/html/books_task/index.php (13)
2016/07/16 16:51:54 [error] [exception.CException] CException: Не определено свойство "CDbCriteria.status". in /var/www/html/task_books_yii1/framework/base/CComponent.php:173
Stack trace:
#0 /var/www/html/task_books_yii1/framework/db/schema/CDbCriteria.php(160): CComponent->__set('status', 10)
#1 /var/www/html/task_books_yii1/framework/db/schema/CDbCommandBuilder.php(483): CDbCriteria->__construct(Array)
#2 /var/www/html/task_books_yii1/framework/db/ar/CActiveRecord.php(1415): CDbCommandBuilder->createCriteria(Array, Array)
#3 /var/www/html/books_task/protected/views/books/index.php(69): CActiveRecord->findAll(Array)
#4 /var/www/html/task_books_yii1/framework/web/CBaseController.php(126): require('/var/www/html/b...')
#5 /var/www/html/task_books_yii1/framework/web/CBaseController.php(95): CBaseController->renderInternal('/var/www/html/b...', Array, true)
#6 /var/www/html/task_books_yii1/framework/web/CController.php(869): CBaseController->renderFile('/var/www/html/b...', Array, true)
#7 /var/www/html/task_books_yii1/framework/web/CController.php(782): CController->renderPartial('index', Array, true)
#8 /var/www/html/books_task/protected/controllers/BooksController.php(14): CController->render('index', Array)
#9 /var/www/html/task_books_yii1/framework/web/actions/CInlineAction.php(49): BooksController->actionIndex()
#10 /var/www/html/task_books_yii1/framework/web/CController.php(308): CInlineAction->runWithParams(Array)
#11 /var/www/html/task_books_yii1/framework/web/CController.php(286): CController->runAction(Object(CInlineAction))
#12 /var/www/html/task_books_yii1/framework/web/CController.php(265): CController->runActionWithFilters(Object(CInlineAction), Array)
#13 /var/www/html/task_books_yii1/framework/web/CWebApplication.php(282): CController->run('index')
#14 /var/www/html/task_books_yii1/framework/web/CWebApplication.php(141): CWebApplication->runController('books/index')
#15 /var/www/html/task_books_yii1/framework/base/CApplication.php(169): CWebApplication->processRequest()
#16 /var/www/html/books_task/index.php(13): CApplication->run()
#17 {main}
REQUEST_URI=/books_task/index.php/books/index
---
2016/07/16 16:51:56 [error] [exception.CException] CException: Не определено свойство "CDbCriteria.status". in /var/www/html/task_books_yii1/framework/base/CComponent.php:173
Stack trace:
#0 /var/www/html/task_books_yii1/framework/db/schema/CDbCriteria.php(160): CComponent->__set('status', 10)
#1 /var/www/html/task_books_yii1/framework/db/schema/CDbCommandBuilder.php(483): CDbCriteria->__construct(Array)
#2 /var/www/html/task_books_yii1/framework/db/ar/CActiveRecord.php(1415): CDbCommandBuilder->createCriteria(Array, Array)
#3 /var/www/html/books_task/protected/views/books/index.php(69): CActiveRecord->findAll(Array)
#4 /var/www/html/task_books_yii1/framework/web/CBaseController.php(126): require('/var/www/html/b...')
#5 /var/www/html/task_books_yii1/framework/web/CBaseController.php(95): CBaseController->renderInternal('/var/www/html/b...', Array, true)
#6 /var/www/html/task_books_yii1/framework/web/CController.php(869): CBaseController->renderFile('/var/www/html/b...', Array, true)
#7 /var/www/html/task_books_yii1/framework/web/CController.php(782): CController->renderPartial('index', Array, true)
#8 /var/www/html/books_task/protected/controllers/BooksController.php(14): CController->render('index', Array)
#9 /var/www/html/task_books_yii1/framework/web/actions/CInlineAction.php(49): BooksController->actionIndex()
#10 /var/www/html/task_books_yii1/framework/web/CController.php(308): CInlineAction->runWithParams(Array)
#11 /var/www/html/task_books_yii1/framework/web/CController.php(286): CController->runAction(Object(CInlineAction))
#12 /var/www/html/task_books_yii1/framework/web/CController.php(265): CController->runActionWithFilters(Object(CInlineAction), Array)
#13 /var/www/html/task_books_yii1/framework/web/CWebApplication.php(282): CController->run('index')
#14 /var/www/html/task_books_yii1/framework/web/CWebApplication.php(141): CWebApplication->runController('books/index')
#15 /var/www/html/task_books_yii1/framework/base/CApplication.php(169): CWebApplication->processRequest()
#16 /var/www/html/books_task/index.php(13): CApplication->run()
#17 {main}
REQUEST_URI=/books_task/index.php/books/index
---
2016/07/16 16:53:03 [error] [exception.CDbException] CDbException: Таблица "book" не содержит столбца "0". in /var/www/html/task_books_yii1/framework/db/schema/CDbCommandBuilder.php:591
Stack trace:
#0 /var/www/html/task_books_yii1/framework/db/ar/CActiveRecord.php(1481): CDbCommandBuilder->createColumnCriteria(Object(CMysqlTableSchema), Array, '', Array, '`t`.')
#1 /var/www/html/books_task/protected/views/books/index.php(69): CActiveRecord->findAllByAttributes(Array)
#2 /var/www/html/task_books_yii1/framework/web/CBaseController.php(126): require('/var/www/html/b...')
#3 /var/www/html/task_books_yii1/framework/web/CBaseController.php(95): CBaseController->renderInternal('/var/www/html/b...', Array, true)
#4 /var/www/html/task_books_yii1/framework/web/CController.php(869): CBaseController->renderFile('/var/www/html/b...', Array, true)
#5 /var/www/html/task_books_yii1/framework/web/CController.php(782): CController->renderPartial('index', Array, true)
#6 /var/www/html/books_task/protected/controllers/BooksController.php(14): CController->render('index', Array)
#7 /var/www/html/task_books_yii1/framework/web/actions/CInlineAction.php(49): BooksController->actionIndex()
#8 /var/www/html/task_books_yii1/framework/web/CController.php(308): CInlineAction->runWithParams(Array)
#9 /var/www/html/task_books_yii1/framework/web/CController.php(286): CController->runAction(Object(CInlineAction))
#10 /var/www/html/task_books_yii1/framework/web/CController.php(265): CController->runActionWithFilters(Object(CInlineAction), Array)
#11 /var/www/html/task_books_yii1/framework/web/CWebApplication.php(282): CController->run('index')
#12 /var/www/html/task_books_yii1/framework/web/CWebApplication.php(141): CWebApplication->runController('books/index')
#13 /var/www/html/task_books_yii1/framework/base/CApplication.php(169): CWebApplication->processRequest()
#14 /var/www/html/books_task/index.php(13): CApplication->run()
#15 {main}
REQUEST_URI=/books_task/index.php/books/index
---
2016/07/16 17:08:44 [error] [php] Trying to get property of non-object (/var/www/html/books_task/protected/views/books/index.php:85)
Stack trace:
#0 /var/www/html/task_books_yii1/framework/web/CController.php(869): BooksController->renderFile()
#1 /var/www/html/task_books_yii1/framework/web/CController.php(782): BooksController->renderPartial()
#2 /var/www/html/books_task/protected/controllers/BooksController.php(14): BooksController->render()
#3 /var/www/html/task_books_yii1/framework/web/actions/CInlineAction.php(49): BooksController->actionIndex()
#4 /var/www/html/task_books_yii1/framework/web/CController.php(308): CInlineAction->runWithParams()
#5 /var/www/html/task_books_yii1/framework/web/CController.php(286): BooksController->runAction()
#6 /var/www/html/task_books_yii1/framework/web/CController.php(265): BooksController->runActionWithFilters()
#7 /var/www/html/task_books_yii1/framework/web/CWebApplication.php(282): BooksController->run()
#8 /var/www/html/task_books_yii1/framework/web/CWebApplication.php(141): CWebApplication->runController()
#9 /var/www/html/task_books_yii1/framework/base/CApplication.php(169): CWebApplication->processRequest()
#10 /var/www/html/books_task/index.php(13): CWebApplication->run()
REQUEST_URI=/books_task/index.php/books/index
in /var/www/html/books_task/protected/views/books/index.php (85)
in /var/www/html/books_task/protected/controllers/BooksController.php (14)
in /var/www/html/books_task/index.php (13)
2016/07/16 17:08:45 [error] [php] Trying to get property of non-object (/var/www/html/books_task/protected/views/books/index.php:85)
Stack trace:
#0 /var/www/html/task_books_yii1/framework/web/CController.php(869): BooksController->renderFile()
#1 /var/www/html/task_books_yii1/framework/web/CController.php(782): BooksController->renderPartial()
#2 /var/www/html/books_task/protected/controllers/BooksController.php(14): BooksController->render()
#3 /var/www/html/task_books_yii1/framework/web/actions/CInlineAction.php(49): BooksController->actionIndex()
#4 /var/www/html/task_books_yii1/framework/web/CController.php(308): CInlineAction->runWithParams()
#5 /var/www/html/task_books_yii1/framework/web/CController.php(286): BooksController->runAction()
#6 /var/www/html/task_books_yii1/framework/web/CController.php(265): BooksController->runActionWithFilters()
#7 /var/www/html/task_books_yii1/framework/web/CWebApplication.php(282): BooksController->run()
#8 /var/www/html/task_books_yii1/framework/web/CWebApplication.php(141): CWebApplication->runController()
#9 /var/www/html/task_books_yii1/framework/base/CApplication.php(169): CWebApplication->processRequest()
#10 /var/www/html/books_task/index.php(13): CWebApplication->run()
REQUEST_URI=/books_task/index.php/books/index
in /var/www/html/books_task/protected/views/books/index.php (85)
in /var/www/html/books_task/protected/controllers/BooksController.php (14)
in /var/www/html/books_task/index.php (13)
2016/07/16 17:09:31 [error] [php] Trying to get property of non-object (/var/www/html/books_task/protected/models/Book.php:127)
Stack trace:
#0 /var/www/html/task_books_yii1/framework/web/CBaseController.php(95): BooksController->renderInternal()
#1 /var/www/html/task_books_yii1/framework/web/CController.php(869): BooksController->renderFile()
#2 /var/www/html/task_books_yii1/framework/web/CController.php(782): BooksController->renderPartial()
#3 /var/www/html/books_task/protected/controllers/BooksController.php(14): BooksController->render()
#4 /var/www/html/task_books_yii1/framework/web/actions/CInlineAction.php(49): BooksController->actionIndex()
#5 /var/www/html/task_books_yii1/framework/web/CController.php(308): CInlineAction->runWithParams()
#6 /var/www/html/task_books_yii1/framework/web/CController.php(286): BooksController->runAction()
#7 /var/www/html/task_books_yii1/framework/web/CController.php(265): BooksController->runActionWithFilters()
#8 /var/www/html/task_books_yii1/framework/web/CWebApplication.php(282): BooksController->run()
#9 /var/www/html/task_books_yii1/framework/web/CWebApplication.php(141): CWebApplication->runController()
#10 /var/www/html/task_books_yii1/framework/base/CApplication.php(169): CWebApplication->processRequest()
#11 /var/www/html/books_task/index.php(13): CWebApplication->run()
REQUEST_URI=/books_task/index.php/books/index
in /var/www/html/books_task/protected/models/Book.php (127)
in /var/www/html/books_task/protected/views/books/index.php (85)
in /var/www/html/books_task/protected/controllers/BooksController.php (14)
2016/07/16 17:09:34 [error] [php] Trying to get property of non-object (/var/www/html/books_task/protected/models/Book.php:127)
Stack trace:
#0 /var/www/html/task_books_yii1/framework/web/CBaseController.php(95): BooksController->renderInternal()
#1 /var/www/html/task_books_yii1/framework/web/CController.php(869): BooksController->renderFile()
#2 /var/www/html/task_books_yii1/framework/web/CController.php(782): BooksController->renderPartial()
#3 /var/www/html/books_task/protected/controllers/BooksController.php(14): BooksController->render()
#4 /var/www/html/task_books_yii1/framework/web/actions/CInlineAction.php(49): BooksController->actionIndex()
#5 /var/www/html/task_books_yii1/framework/web/CController.php(308): CInlineAction->runWithParams()
#6 /var/www/html/task_books_yii1/framework/web/CController.php(286): BooksController->runAction()
#7 /var/www/html/task_books_yii1/framework/web/CController.php(265): BooksController->runActionWithFilters()
#8 /var/www/html/task_books_yii1/framework/web/CWebApplication.php(282): BooksController->run()
#9 /var/www/html/task_books_yii1/framework/web/CWebApplication.php(141): CWebApplication->runController()
#10 /var/www/html/task_books_yii1/framework/base/CApplication.php(169): CWebApplication->processRequest()
#11 /var/www/html/books_task/index.php(13): CWebApplication->run()
REQUEST_URI=/books_task/index.php/books/index
in /var/www/html/books_task/protected/models/Book.php (127)
in /var/www/html/books_task/protected/views/books/index.php (85)
in /var/www/html/books_task/protected/controllers/BooksController.php (14)
2016/07/16 17:10:00 [error] [php] Trying to get property of non-object (/var/www/html/books_task/protected/models/Book.php:127)
Stack trace:
#0 /var/www/html/task_books_yii1/framework/web/CBaseController.php(95): BooksController->renderInternal()
#1 /var/www/html/task_books_yii1/framework/web/CController.php(869): BooksController->renderFile()
#2 /var/www/html/task_books_yii1/framework/web/CController.php(782): BooksController->renderPartial()
#3 /var/www/html/books_task/protected/controllers/BooksController.php(14): BooksController->render()
#4 /var/www/html/task_books_yii1/framework/web/actions/CInlineAction.php(49): BooksController->actionIndex()
#5 /var/www/html/task_books_yii1/framework/web/CController.php(308): CInlineAction->runWithParams()
#6 /var/www/html/task_books_yii1/framework/web/CController.php(286): BooksController->runAction()
#7 /var/www/html/task_books_yii1/framework/web/CController.php(265): BooksController->runActionWithFilters()
#8 /var/www/html/task_books_yii1/framework/web/CWebApplication.php(282): BooksController->run()
#9 /var/www/html/task_books_yii1/framework/web/CWebApplication.php(141): CWebApplication->runController()
#10 /var/www/html/task_books_yii1/framework/base/CApplication.php(169): CWebApplication->processRequest()
#11 /var/www/html/books_task/index.php(13): CWebApplication->run()
REQUEST_URI=/books_task/index.php/books/index
in /var/www/html/books_task/protected/models/Book.php (127)
in /var/www/html/books_task/protected/views/books/index.php (85)
in /var/www/html/books_task/protected/controllers/BooksController.php (14)
2016/07/16 17:10:25 [error] [php] Trying to get property of non-object (/var/www/html/books_task/protected/views/books/index.php:85)
Stack trace:
#0 /var/www/html/task_books_yii1/framework/web/CController.php(869): BooksController->renderFile()
#1 /var/www/html/task_books_yii1/framework/web/CController.php(782): BooksController->renderPartial()
#2 /var/www/html/books_task/protected/controllers/BooksController.php(14): BooksController->render()
#3 /var/www/html/task_books_yii1/framework/web/actions/CInlineAction.php(49): BooksController->actionIndex()
#4 /var/www/html/task_books_yii1/framework/web/CController.php(308): CInlineAction->runWithParams()
#5 /var/www/html/task_books_yii1/framework/web/CController.php(286): BooksController->runAction()
#6 /var/www/html/task_books_yii1/framework/web/CController.php(265): BooksController->runActionWithFilters()
#7 /var/www/html/task_books_yii1/framework/web/CWebApplication.php(282): BooksController->run()
#8 /var/www/html/task_books_yii1/framework/web/CWebApplication.php(141): CWebApplication->runController()
#9 /var/www/html/task_books_yii1/framework/base/CApplication.php(169): CWebApplication->processRequest()
#10 /var/www/html/books_task/index.php(13): CWebApplication->run()
REQUEST_URI=/books_task/index.php/books/index
in /var/www/html/books_task/protected/views/books/index.php (85)
in /var/www/html/books_task/protected/controllers/BooksController.php (14)
in /var/www/html/books_task/index.php (13)
2016/07/16 17:45:41 [error] [exception.Error] Error: Call to a member function getErrors() on boolean in /var/www/html/task_books_yii1/framework/web/helpers/CHtml.php:1765
Stack trace:
#0 /var/www/html/task_books_yii1/framework/web/widgets/CActiveForm.php(516): CHtml::errorSummary(Array, NULL, NULL, Array)
#1 /var/www/html/books_task/protected/views/books/edit.php(43): CActiveForm->errorSummary(true)
#2 /var/www/html/task_books_yii1/framework/web/CBaseController.php(126): require('/var/www/html/b...')
#3 /var/www/html/task_books_yii1/framework/web/CBaseController.php(95): CBaseController->renderInternal('/var/www/html/b...', Array, true)
#4 /var/www/html/task_books_yii1/framework/web/CController.php(869): CBaseController->renderFile('/var/www/html/b...', Array, true)
#5 /var/www/html/task_books_yii1/framework/web/CController.php(782): CController->renderPartial('edit', Array, true)
#6 /var/www/html/books_task/protected/controllers/BooksController.php(42): CController->render('edit', Array)
#7 /var/www/html/task_books_yii1/framework/web/actions/CInlineAction.php(49): BooksController->actionEdit()
#8 /var/www/html/task_books_yii1/framework/web/CController.php(308): CInlineAction->runWithParams(Array)
#9 /var/www/html/task_books_yii1/framework/web/CController.php(286): CController->runAction(Object(CInlineAction))
#10 /var/www/html/task_books_yii1/framework/web/CController.php(265): CController->runActionWithFilters(Object(CInlineAction), Array)
#11 /var/www/html/task_books_yii1/framework/web/CWebApplication.php(282): CController->run('edit')
#12 /var/www/html/task_books_yii1/framework/web/CWebApplication.php(141): CWebApplication->runController('books/edit')
#13 /var/www/html/task_books_yii1/framework/base/CApplication.php(169): CWebApplication->processRequest()
#14 /var/www/html/books_task/index.php(13): CApplication->run()
#15 {main}
REQUEST_URI=/books_task/index.php/books/edit?id=9
---
2016/07/16 17:45:59 [error] [exception.Error] Error: Call to a member function getErrors() on boolean in /var/www/html/task_books_yii1/framework/web/helpers/CHtml.php:1765
Stack trace:
#0 /var/www/html/task_books_yii1/framework/web/widgets/CActiveForm.php(516): CHtml::errorSummary(Array, NULL, NULL, Array)
#1 /var/www/html/books_task/protected/views/books/edit.php(43): CActiveForm->errorSummary(true)
#2 /var/www/html/task_books_yii1/framework/web/CBaseController.php(126): require('/var/www/html/b...')
#3 /var/www/html/task_books_yii1/framework/web/CBaseController.php(95): CBaseController->renderInternal('/var/www/html/b...', Array, true)
#4 /var/www/html/task_books_yii1/framework/web/CController.php(869): CBaseController->renderFile('/var/www/html/b...', Array, true)
#5 /var/www/html/task_books_yii1/framework/web/CController.php(782): CController->renderPartial('edit', Array, true)
#6 /var/www/html/books_task/protected/controllers/BooksController.php(42): CController->render('edit', Array)
#7 /var/www/html/task_books_yii1/framework/web/actions/CInlineAction.php(49): BooksController->actionEdit()
#8 /var/www/html/task_books_yii1/framework/web/CController.php(308): CInlineAction->runWithParams(Array)
#9 /var/www/html/task_books_yii1/framework/web/CController.php(286): CController->runAction(Object(CInlineAction))
#10 /var/www/html/task_books_yii1/framework/web/CController.php(265): CController->runActionWithFilters(Object(CInlineAction), Array)
#11 /var/www/html/task_books_yii1/framework/web/CWebApplication.php(282): CController->run('edit')
#12 /var/www/html/task_books_yii1/framework/web/CWebApplication.php(141): CWebApplication->runController('books/edit')
#13 /var/www/html/task_books_yii1/framework/base/CApplication.php(169): CWebApplication->processRequest()
#14 /var/www/html/books_task/index.php(13): CApplication->run()
#15 {main}
REQUEST_URI=/books_task/index.php/books/edit?id=9*
---
2016/07/16 17:46:01 [error] [exception.Error] Error: Call to a member function getErrors() on boolean in /var/www/html/task_books_yii1/framework/web/helpers/CHtml.php:1765
Stack trace:
#0 /var/www/html/task_books_yii1/framework/web/widgets/CActiveForm.php(516): CHtml::errorSummary(Array, NULL, NULL, Array)
#1 /var/www/html/books_task/protected/views/books/edit.php(43): CActiveForm->errorSummary(true)
#2 /var/www/html/task_books_yii1/framework/web/CBaseController.php(126): require('/var/www/html/b...')
#3 /var/www/html/task_books_yii1/framework/web/CBaseController.php(95): CBaseController->renderInternal('/var/www/html/b...', Array, true)
#4 /var/www/html/task_books_yii1/framework/web/CController.php(869): CBaseController->renderFile('/var/www/html/b...', Array, true)
#5 /var/www/html/task_books_yii1/framework/web/CController.php(782): CController->renderPartial('edit', Array, true)
#6 /var/www/html/books_task/protected/controllers/BooksController.php(42): CController->render('edit', Array)
#7 /var/www/html/task_books_yii1/framework/web/actions/CInlineAction.php(49): BooksController->actionEdit()
#8 /var/www/html/task_books_yii1/framework/web/CController.php(308): CInlineAction->runWithParams(Array)
#9 /var/www/html/task_books_yii1/framework/web/CController.php(286): CController->runAction(Object(CInlineAction))
#10 /var/www/html/task_books_yii1/framework/web/CController.php(265): CController->runActionWithFilters(Object(CInlineAction), Array)
#11 /var/www/html/task_books_yii1/framework/web/CWebApplication.php(282): CController->run('edit')
#12 /var/www/html/task_books_yii1/framework/web/CWebApplication.php(141): CWebApplication->runController('books/edit')
#13 /var/www/html/task_books_yii1/framework/base/CApplication.php(169): CWebApplication->processRequest()
#14 /var/www/html/books_task/index.php(13): CApplication->run()
#15 {main}
REQUEST_URI=/books_task/index.php/books/edit?id=9
---
2016/07/16 17:50:54 [error] [exception.ParseError] ParseError: syntax error, unexpected ')' in /var/www/html/books_task/protected/controllers/BooksController.php:14
Stack trace:
#0 /var/www/html/task_books_yii1/framework/web/CWebApplication.php(276): CWebApplication->createController('index/')
#1 /var/www/html/task_books_yii1/framework/web/CWebApplication.php(141): CWebApplication->runController('books/index')
#2 /var/www/html/task_books_yii1/framework/base/CApplication.php(169): CWebApplication->processRequest()
#3 /var/www/html/books_task/index.php(13): CApplication->run()
#4 {main}
REQUEST_URI=/books_task/index.php/books/index
---
2016/07/16 17:53:28 [error] [php] Undefined variable: data (/var/www/html/books_task/protected/views/books/index.php:112)
Stack trace:
#0 /var/www/html/task_books_yii1/framework/web/CController.php(869): BooksController->renderFile()
#1 /var/www/html/task_books_yii1/framework/web/CController.php(782): BooksController->renderPartial()
#2 /var/www/html/books_task/protected/controllers/BooksController.php(18): BooksController->render()
#3 /var/www/html/task_books_yii1/framework/web/actions/CInlineAction.php(49): BooksController->actionIndex()
#4 /var/www/html/task_books_yii1/framework/web/CController.php(308): CInlineAction->runWithParams()
#5 /var/www/html/task_books_yii1/framework/web/CController.php(286): BooksController->runAction()
#6 /var/www/html/task_books_yii1/framework/web/CController.php(265): BooksController->runActionWithFilters()
#7 /var/www/html/task_books_yii1/framework/web/CWebApplication.php(282): BooksController->run()
#8 /var/www/html/task_books_yii1/framework/web/CWebApplication.php(141): CWebApplication->runController()
#9 /var/www/html/task_books_yii1/framework/base/CApplication.php(169): CWebApplication->processRequest()
#10 /var/www/html/books_task/index.php(13): CWebApplication->run()
REQUEST_URI=/books_task/index.php/books/index
in /var/www/html/books_task/protected/views/books/index.php (112)
in /var/www/html/books_task/protected/controllers/BooksController.php (18)
in /var/www/html/books_task/index.php (13)
2016/07/16 17:53:48 [error] [exception.CHttpException.404] CHttpException: The system is unable to find the requested action "delete". in /var/www/html/task_books_yii1/framework/web/CController.php:483
Stack trace:
#0 /var/www/html/task_books_yii1/framework/web/CController.php(270): CController->missingAction('delete')
#1 /var/www/html/task_books_yii1/framework/web/CWebApplication.php(282): CController->run('delete')
#2 /var/www/html/task_books_yii1/framework/web/CWebApplication.php(141): CWebApplication->runController('books/delete')
#3 /var/www/html/task_books_yii1/framework/base/CApplication.php(169): CWebApplication->processRequest()
#4 /var/www/html/books_task/index.php(13): CApplication->run()
#5 {main}
REQUEST_URI=/books_task/index.php/books/delete/9
HTTP_REFERER=http://localhost/books_task/index.php/books/index
---
2016/07/16 17:55:21 [error] [exception.CHttpException.404] CHttpException: The system is unable to find the requested action "delete". in /var/www/html/task_books_yii1/framework/web/CController.php:483
Stack trace:
#0 /var/www/html/task_books_yii1/framework/web/CController.php(270): CController->missingAction('delete')
#1 /var/www/html/task_books_yii1/framework/web/CWebApplication.php(282): CController->run('delete')
#2 /var/www/html/task_books_yii1/framework/web/CWebApplication.php(141): CWebApplication->runController('books/delete')
#3 /var/www/html/task_books_yii1/framework/base/CApplication.php(169): CWebApplication->processRequest()
#4 /var/www/html/books_task/index.php(13): CApplication->run()
#5 {main}
REQUEST_URI=/books_task/index.php/books/delete/9
HTTP_REFERER=http://localhost/books_task/index.php/books/index
---
2016/07/16 17:56:20 [error] [exception.CHttpException.404] CHttpException: The system is unable to find the requested action "edhit". in /var/www/html/task_books_yii1/framework/web/CController.php:483
Stack trace:
#0 /var/www/html/task_books_yii1/framework/web/CController.php(270): CController->missingAction('edhit')
#1 /var/www/html/task_books_yii1/framework/web/CWebApplication.php(282): CController->run('edhit')
#2 /var/www/html/task_books_yii1/framework/web/CWebApplication.php(141): CWebApplication->runController('books/edhit')
#3 /var/www/html/task_books_yii1/framework/base/CApplication.php(169): CWebApplication->processRequest()
#4 /var/www/html/books_task/index.php(13): CApplication->run()
#5 {main}
REQUEST_URI=/books_task/index.php/books/edhit/9
HTTP_REFERER=http://localhost/books_task/index.php/books/index
---
2016/07/16 17:56:31 [error] [exception.CHttpException.404] CHttpException: The system is unable to find the requested action "edhit". in /var/www/html/task_books_yii1/framework/web/CController.php:483
Stack trace:
#0 /var/www/html/task_books_yii1/framework/web/CController.php(270): CController->missingAction('edhit')
#1 /var/www/html/task_books_yii1/framework/web/CWebApplication.php(282): CController->run('edhit')
#2 /var/www/html/task_books_yii1/framework/web/CWebApplication.php(141): CWebApplication->runController('books/edhit')
#3 /var/www/html/task_books_yii1/framework/base/CApplication.php(169): CWebApplication->processRequest()
#4 /var/www/html/books_task/index.php(13): CApplication->run()
#5 {main}
REQUEST_URI=/books_task/index.php/books/edhit/9
---
2016/07/16 17:57:54 [error] [exception.CHttpException.404] CHttpException: Unable to resolve the request "book/index". in /var/www/html/task_books_yii1/framework/web/CWebApplication.php:286
Stack trace:
#0 /var/www/html/task_books_yii1/framework/web/CWebApplication.php(141): CWebApplication->runController('book/index')
#1 /var/www/html/task_books_yii1/framework/base/CApplication.php(169): CWebApplication->processRequest()
#2 /var/www/html/books_task/index.php(13): CApplication->run()
#3 {main}
REQUEST_URI=/books_task/index.php/book/index
HTTP_REFERER=http://localhost/books_task/index.php/books/edit/9
---
2016/07/16 17:59:16 [error] [exception.CHttpException.404] CHttpException: The system is unable to find the requested action "delete". in /var/www/html/task_books_yii1/framework/web/CController.php:483
Stack trace:
#0 /var/www/html/task_books_yii1/framework/web/CController.php(270): CController->missingAction('delete')
#1 /var/www/html/task_books_yii1/framework/web/CWebApplication.php(282): CController->run('delete')
#2 /var/www/html/task_books_yii1/framework/web/CWebApplication.php(141): CWebApplication->runController('books/delete')
#3 /var/www/html/task_books_yii1/framework/base/CApplication.php(169): CWebApplication->processRequest()
#4 /var/www/html/books_task/index.php(13): CApplication->run()
#5 {main}
REQUEST_URI=/books_task/index.php/books/delete/9
HTTP_REFERER=http://localhost/books_task/index.php/books/index
---
